#
# There is insufficient memory for the Java Runtime Environment to continue.
# Native memory allocation (mmap) failed to map 65536 bytes for Failed to commit metaspace.
# Possible reasons:
#   The system is out of physical RAM or swap space
#   The process is running with CompressedOops enabled, and the Java Heap may be blocking the growth of the native heap
# Possible solutions:
#   Reduce memory load on the system
#   Increase physical memory or swap space
#   Check if swap backing store is full
#   Decrease Java heap size (-Xmx/-Xms)
#   Decrease number of Java threads
#   Decrease Java thread stack sizes (-Xss)
#   Set larger code cache with -XX:ReservedCodeCacheSize=
#   JVM is running with Unscaled Compressed Oops mode in which the Java heap is
#     placed in the first 4GB address space. The Java Heap base address is the
#     maximum limit for the native heap growth. Please use -XX:HeapBaseMinAddress
#     to set the Java Heap base and to place the Java Heap above 4GB virtual address.
# This output file may be truncated or incomplete.
#
#  Out of Memory Error (virtualSpaceNode.cpp:110), pid=6996, tid=10512
#
# JRE version: OpenJDK Runtime Environment Temurin-17.0.7+7 (17.0.7+7) (build 17.0.7+7)
# Java VM: OpenJDK 64-Bit Server VM Temurin-17.0.7+7 (17.0.7+7, mixed mode, tiered, compressed oops, compressed class ptrs, parallel gc, windows-amd64)
# No core dump will be written. Minidumps are not enabled by default on client versions of Windows
#

---------------  S U M M A R Y ------------

Command Line: --add-modules=ALL-SYSTEM --add-opens=java.base/java.util=ALL-UNNAMED --add-opens=java.base/java.lang=ALL-UNNAMED --add-opens=java.base/sun.nio.fs=ALL-UNNAMED -Declipse.application=org.eclipse.jdt.ls.core.id1 -Dosgi.bundles.defaultStartLevel=4 -Declipse.product=org.eclipse.jdt.ls.core.product -Djava.import.generatesMetadataFilesAtProjectRoot=false -Dfile.encoding=utf8 -XX:+UseParallelGC -XX:GCTimeRatio=4 -XX:AdaptiveSizePolicyWeight=90 -Dsun.zip.disableMemoryMapping=true -Xmx1G -Xms100m -Xlog:disable -javaagent:c:\Users\Windows 10 TIMT\.vscode\extensions\redhat.java-1.21.0-win32-x64\lombok\lombok-1.18.28.jar c:\Users\Windows 10 TIMT\.vscode\extensions\redhat.java-1.21.0-win32-x64\server\plugins\org.eclipse.equinox.launcher_1.6.500.v20230717-2134.jar -configuration c:\Users\Windows 10 TIMT\AppData\Roaming\Code\User\globalStorage\redhat.java\1.21.0\config_ss_win -data c:\Users\Windows 10 TIMT\AppData\Roaming\Code\User\workspaceStorage\92076da0913d8ea7151b77126da4d152\redhat.java\ss_ws

Host: Intel(R) Core(TM) i5-4300U CPU @ 1.90GHz, 4 cores, 7G,  Windows 10 , 64 bit Build 19041 (10.0.19041.3155)
Time: Fri Aug 18 01:01:36 2023 SE Asia Standard Time elapsed time: 8.499313 seconds (0d 0h 0m 8s)

---------------  T H R E A D  ---------------

Current thread (0x00000152e54658e0):  JavaThread "Start Level: Equinox Container: dcf5ef88-62f9-40f5-8dec-d83014661f41" daemon [_thread_in_vm, id=10512, stack(0x0000002220b00000,0x0000002220c00000)]

Stack: [0x0000002220b00000,0x0000002220c00000]
Native frames: (J=compiled Java code, j=interpreted, Vv=VM code, C=native code)
V  [jvm.dll+0x67754a]
V  [jvm.dll+0x834304]
V  [jvm.dll+0x835aae]
V  [jvm.dll+0x836113]
V  [jvm.dll+0x24696f]
V  [jvm.dll+0x83039b]
V  [jvm.dll+0x61c006]
V  [jvm.dll+0x1c169e]
V  [jvm.dll+0x61e961]
V  [jvm.dll+0x61c9a6]
V  [jvm.dll+0x6594cb]
V  [jvm.dll+0x36d245]
V  [jvm.dll+0x65935f]
V  [jvm.dll+0x36d245]
V  [jvm.dll+0x36d168]
V  [jvm.dll+0x381047]
C  0x00000152d4eeb02a

Java frames: (J=compiled Java code, j=interpreted, Vv=VM code)
j  org.eclipse.jdt.internal.compiler.lookup.Binding.<clinit>()V+1
v  ~StubRoutines::call_stub
j  org.eclipse.jdt.internal.codeassist.CompletionEngine.<clinit>()V+356
v  ~StubRoutines::call_stub
j  org.eclipse.jdt.internal.core.JavaModelManager$8.optionsChanged(Lorg/eclipse/osgi/service/debug/DebugOptions;)V+127
j  org.eclipse.osgi.internal.debug.FrameworkDebugOptions.addingService(Lorg/osgi/framework/ServiceReference;)Lorg/eclipse/osgi/service/debug/DebugOptionsListener;+16
j  org.eclipse.osgi.internal.debug.FrameworkDebugOptions.addingService(Lorg/osgi/framework/ServiceReference;)Ljava/lang/Object;+5
j  org.osgi.util.tracker.ServiceTracker$Tracked.customizerAdding(Lorg/osgi/framework/ServiceReference;Lorg/osgi/framework/ServiceEvent;)Ljava/lang/Object;+8
j  org.osgi.util.tracker.ServiceTracker$Tracked.customizerAdding(Ljava/lang/Object;Ljava/lang/Object;)Ljava/lang/Object;+9
j  org.osgi.util.tracker.AbstractTracked.trackAdding(Ljava/lang/Object;Ljava/lang/Object;)V+8
j  org.osgi.util.tracker.AbstractTracked.track(Ljava/lang/Object;Ljava/lang/Object;)V+83
j  org.osgi.util.tracker.ServiceTracker$Tracked.serviceChanged(Lorg/osgi/framework/ServiceEvent;)V+67
J 1582 c1 org.eclipse.osgi.internal.serviceregistry.FilteredServiceListener.serviceChanged(Lorg/osgi/framework/ServiceEvent;)V (284 bytes) @ 0x00000152cdc797b4 [0x00000152cdc774e0+0x00000000000022d4]
J 1516 c1 org.eclipse.osgi.internal.framework.BundleContextImpl.dispatchEvent(Ljava/lang/Object;Ljava/lang/Object;ILjava/lang/Object;)V (558 bytes) @ 0x00000152cdc5e2ec [0x00000152cdc5b220+0x00000000000030cc]
J 1861 c1 org.eclipse.osgi.framework.eventmgr.EventManager.dispatchEvent(Ljava/util/Set;Lorg/eclipse/osgi/framework/eventmgr/EventDispatcher;ILjava/lang/Object;)V (69 bytes) @ 0x00000152cdd16bf4 [0x00000152cdd16720+0x00000000000004d4]
j  org.eclipse.osgi.framework.eventmgr.ListenerQueue.dispatchEventSynchronous(ILjava/lang/Object;)V+67
j  org.eclipse.osgi.internal.serviceregistry.ServiceRegistry.publishServiceEventPrivileged(Lorg/osgi/framework/ServiceEvent;)V+320
j  org.eclipse.osgi.internal.serviceregistry.ServiceRegistry.publishServiceEvent(Lorg/osgi/framework/ServiceEvent;)V+8
j  org.eclipse.osgi.internal.serviceregistry.ServiceRegistrationImpl.register(Ljava/util/Dictionary;)V+128
j  org.eclipse.osgi.internal.serviceregistry.ServiceRegistry.registerService(Lorg/eclipse/osgi/internal/framework/BundleContextImpl;[Ljava/lang/String;Ljava/lang/Object;Ljava/util/Dictionary;)Lorg/eclipse/osgi/internal/serviceregistry/ServiceRegistrationImpl;+298
j  org.eclipse.osgi.internal.framework.BundleContextImpl.registerService([Ljava/lang/String;Ljava/lang/Object;Ljava/util/Dictionary;)Lorg/osgi/framework/ServiceRegistration;+15
j  org.eclipse.osgi.internal.framework.BundleContextImpl.registerService(Ljava/lang/String;Ljava/lang/Object;Ljava/util/Dictionary;)Lorg/osgi/framework/ServiceRegistration;+15
j  org.eclipse.osgi.internal.framework.BundleContextImpl.registerService(Ljava/lang/Class;Ljava/lang/Object;Ljava/util/Dictionary;)Lorg/osgi/framework/ServiceRegistration;+7
j  org.eclipse.jdt.internal.core.JavaModelManager.registerDebugOptionsListener(Lorg/osgi/framework/BundleContext;)V+32
j  org.eclipse.jdt.core.JavaCore.start(Lorg/osgi/framework/BundleContext;)V+6
j  org.eclipse.osgi.internal.framework.BundleContextImpl$2.run()Ljava/lang/Void;+23
j  org.eclipse.osgi.internal.framework.BundleContextImpl$2.run()Ljava/lang/Object;+1
J 1185 c1 java.security.AccessController.executePrivileged(Ljava/security/PrivilegedExceptionAction;Ljava/security/AccessControlContext;Ljava/lang/Class;)Ljava/lang/Object; java.base@17.0.7 (65 bytes) @ 0x00000152cdbbb8b4 [0x00000152cdbbb760+0x0000000000000154]
j  java.security.AccessController.doPrivileged(Ljava/security/PrivilegedExceptionAction;)Ljava/lang/Object;+9 java.base@17.0.7
j  org.eclipse.osgi.internal.framework.BundleContextImpl.startActivator(Lorg/osgi/framework/BundleActivator;)V+9
j  org.eclipse.osgi.internal.framework.BundleContextImpl.start()V+134
j  org.eclipse.osgi.internal.framework.EquinoxBundle.startWorker0()V+35
j  org.eclipse.osgi.internal.framework.EquinoxBundle$EquinoxModule.startWorker()V+4
j  org.eclipse.osgi.container.Module.doStart([Lorg/eclipse/osgi/container/Module$StartOptions;)Lorg/eclipse/osgi/container/ModuleContainerAdaptor$ModuleEvent;+190
J 2046 c1 org.eclipse.osgi.container.Module.start([Lorg/eclipse/osgi/container/Module$StartOptions;)V (655 bytes) @ 0x00000152cdd84a54 [0x00000152cdd826e0+0x0000000000002374]
j  org.eclipse.osgi.framework.util.SecureAction.start(Lorg/eclipse/osgi/container/Module;[Lorg/eclipse/osgi/container/Module$StartOptions;)V+8
J 1728 c1 org.eclipse.osgi.internal.hooks.EclipseLazyStarter.postFindLocalClass(Ljava/lang/String;Ljava/lang/Class;Lorg/eclipse/osgi/internal/loader/classpath/ClasspathManager;)V (394 bytes) @ 0x00000152cdcce3dc [0x00000152cdccd460+0x0000000000000f7c]
J 1845 c1 org.eclipse.osgi.internal.loader.classpath.ClasspathManager.findLocalClass(Ljava/lang/String;)Ljava/lang/Class; (210 bytes) @ 0x00000152cdd0a654 [0x00000152cdd096a0+0x0000000000000fb4]
J 1726 c1 org.eclipse.osgi.internal.loader.BundleLoader.findLocalClass(Ljava/lang/String;)Ljava/lang/Class; (152 bytes) @ 0x00000152cdccb46c [0x00000152cdccac20+0x000000000000084c]
J 1912 c1 org.eclipse.osgi.internal.loader.sources.SingleSourcePackage.loadClass(Ljava/lang/String;)Ljava/lang/Class; (9 bytes) @ 0x00000152cdd2de3c [0x00000152cdd2dd40+0x00000000000000fc]
J 1651 c1 org.eclipse.osgi.internal.loader.BundleLoader.findClass0(Ljava/lang/String;ZZ)Ljava/lang/Class; (466 bytes) @ 0x00000152cdca099c [0x00000152cdc9e3a0+0x00000000000025fc]
J 1650 c1 org.eclipse.osgi.internal.loader.BundleLoader.findClass(Ljava/lang/String;)Ljava/lang/Class; (8 bytes) @ 0x00000152cdc9da9c [0x00000152cdc9da20+0x000000000000007c]
J 1652 c1 org.eclipse.osgi.internal.loader.ModuleClassLoader.loadClass(Ljava/lang/String;Z)Ljava/lang/Class; (36 bytes) @ 0x00000152cdca3abc [0x00000152cdca38a0+0x000000000000021c]
J 809 c1 java.lang.ClassLoader.loadClass(Ljava/lang/String;)Ljava/lang/Class; java.base@17.0.7 (7 bytes) @ 0x00000152cdaefa3c [0x00000152cdaef940+0x00000000000000fc]
v  ~StubRoutines::call_stub
j  java.lang.Class.getDeclaredConstructors0(Z)[Ljava/lang/reflect/Constructor;+0 java.base@17.0.7
j  java.lang.Class.privateGetDeclaredConstructors(Z)[Ljava/lang/reflect/Constructor;+52 java.base@17.0.7
j  java.lang.Class.getConstructor0([Ljava/lang/Class;I)Ljava/lang/reflect/Constructor;+14 java.base@17.0.7
j  java.lang.Class.getConstructor([Ljava/lang/Class;)Ljava/lang/reflect/Constructor;+24 java.base@17.0.7
j  org.eclipse.osgi.internal.framework.BundleContextImpl.loadBundleActivator()Lorg/osgi/framework/BundleActivator;+105
j  org.eclipse.osgi.internal.framework.BundleContextImpl.start()V+18
j  org.eclipse.osgi.internal.framework.EquinoxBundle.startWorker0()V+35
j  org.eclipse.osgi.internal.framework.EquinoxBundle$EquinoxModule.startWorker()V+4
j  org.eclipse.osgi.container.Module.doStart([Lorg/eclipse/osgi/container/Module$StartOptions;)Lorg/eclipse/osgi/container/ModuleContainerAdaptor$ModuleEvent;+190
j  org.eclipse.osgi.container.Module.start([Lorg/eclipse/osgi/container/Module$StartOptions;)V+460
j  org.eclipse.osgi.container.ModuleContainer$ContainerStartLevel$2.run()V+71
j  org.eclipse.osgi.internal.framework.EquinoxContainerAdaptor$1$1.execute(Ljava/lang/Runnable;)V+1
j  org.eclipse.osgi.container.ModuleContainer$ContainerStartLevel.incStartLevel(ILjava/util/List;Z)V+192
j  org.eclipse.osgi.container.ModuleContainer$ContainerStartLevel.incStartLevel(ILjava/util/List;Ljava/util/List;Ljava/util/List;Ljava/util/List;)V+19
j  org.eclipse.osgi.container.ModuleContainer$ContainerStartLevel.doContainerStartLevel(Lorg/eclipse/osgi/container/Module;I[Lorg/osgi/framework/FrameworkListener;)V+349
j  org.eclipse.osgi.container.ModuleContainer$ContainerStartLevel.dispatchEvent(Lorg/eclipse/osgi/container/Module;[Lorg/osgi/framework/FrameworkListener;ILjava/lang/Integer;)V+32
j  org.eclipse.osgi.container.ModuleContainer$ContainerStartLevel.dispatchEvent(Ljava/lang/Object;Ljava/lang/Object;ILjava/lang/Object;)V+15
j  org.eclipse.osgi.framework.eventmgr.EventManager.dispatchEvent(Ljava/util/Set;Lorg/eclipse/osgi/framework/eventmgr/EventDispatcher;ILjava/lang/Object;)V+48
j  org.eclipse.osgi.framework.eventmgr.EventManager$EventThread.run()V+26
v  ~StubRoutines::call_stub

---------------  P R O C E S S  ---------------

Threads class SMR info:
_java_thread_list=0x00000152e55daa80, length=20, elements={
0x00000152c951b8c0, 0x00000152df27e740, 0x00000152df280ef0, 0x00000152df2a7280,
0x00000152df2a9e10, 0x00000152df2aa990, 0x00000152df2ac660, 0x00000152df2ad300,
0x00000152df2eea80, 0x00000152e446b740, 0x00000152c95dba10, 0x00000152e46ce740,
0x00000152e4f40950, 0x00000152e519d340, 0x00000152e54658e0, 0x00000152e51e9170,
0x00000152e5437020, 0x00000152e529a470, 0x00000152e4a609a0, 0x00000152e53354a0
}

Java Threads: ( => current thread )
  0x00000152c951b8c0 JavaThread "main" [_thread_blocked, id=11064, stack(0x000000221f600000,0x000000221f700000)]
  0x00000152df27e740 JavaThread "Reference Handler" daemon [_thread_blocked, id=4008, stack(0x000000221f900000,0x000000221fa00000)]
  0x00000152df280ef0 JavaThread "Finalizer" daemon [_thread_blocked, id=11016, stack(0x000000221fa00000,0x000000221fb00000)]
  0x00000152df2a7280 JavaThread "Signal Dispatcher" daemon [_thread_blocked, id=9728, stack(0x000000221fb00000,0x000000221fc00000)]
  0x00000152df2a9e10 JavaThread "Attach Listener" daemon [_thread_blocked, id=5132, stack(0x000000221fc00000,0x000000221fd00000)]
  0x00000152df2aa990 JavaThread "Service Thread" daemon [_thread_blocked, id=4864, stack(0x000000221fd00000,0x000000221fe00000)]
  0x00000152df2ac660 JavaThread "Monitor Deflation Thread" daemon [_thread_blocked, id=11392, stack(0x000000221fe00000,0x000000221ff00000)]
  0x00000152df2ad300 JavaThread "C2 CompilerThread0" daemon [_thread_blocked, id=3876, stack(0x000000221ff00000,0x0000002220000000)]
  0x00000152df2eea80 JavaThread "C1 CompilerThread0" daemon [_thread_blocked, id=964, stack(0x0000002220000000,0x0000002220100000)]
  0x00000152e446b740 JavaThread "Sweeper thread" daemon [_thread_blocked, id=2988, stack(0x0000002220100000,0x0000002220200000)]
  0x00000152c95dba10 JavaThread "Common-Cleaner" daemon [_thread_blocked, id=7852, stack(0x0000002220200000,0x0000002220300000)]
  0x00000152e46ce740 JavaThread "Notification Thread" daemon [_thread_blocked, id=4816, stack(0x0000002220300000,0x0000002220400000)]
  0x00000152e4f40950 JavaThread "Active Thread: Equinox Container: dcf5ef88-62f9-40f5-8dec-d83014661f41" [_thread_blocked, id=11952, stack(0x0000002220900000,0x0000002220a00000)]
  0x00000152e519d340 JavaThread "Framework Event Dispatcher: Equinox Container: dcf5ef88-62f9-40f5-8dec-d83014661f41" daemon [_thread_blocked, id=5492, stack(0x0000002220a00000,0x0000002220b00000)]
=>0x00000152e54658e0 JavaThread "Start Level: Equinox Container: dcf5ef88-62f9-40f5-8dec-d83014661f41" daemon [_thread_in_vm, id=10512, stack(0x0000002220b00000,0x0000002220c00000)]
  0x00000152e51e9170 JavaThread "SCR Component Actor" daemon [_thread_blocked, id=1148, stack(0x0000002220c00000,0x0000002220d00000)]
  0x00000152e5437020 JavaThread "SCR Component Registry" daemon [_thread_blocked, id=8972, stack(0x0000002220800000,0x0000002220900000)]
  0x00000152e529a470 JavaThread "Worker-JM" [_thread_blocked, id=9844, stack(0x0000002220d00000,0x0000002220e00000)]
  0x00000152e4a609a0 JavaThread "Worker-0" [_thread_blocked, id=188, stack(0x0000002220e00000,0x0000002220f00000)]
  0x00000152e53354a0 JavaThread "Worker-1" [_thread_blocked, id=7492, stack(0x0000002220f00000,0x0000002221000000)]

Other Threads:
  0x00000152df267d20 VMThread "VM Thread" [stack: 0x000000221f800000,0x000000221f900000] [id=5700]
  0x00000152e46cd580 WatcherThread [stack: 0x0000002220400000,0x0000002220500000] [id=10496]
  0x00000152c9533f20 GCTaskThread "GC Thread#0" [stack: 0x000000221f700000,0x000000221f800000] [id=2932]
  0x00000152e4c7cba0 GCTaskThread "GC Thread#1" [stack: 0x0000002220500000,0x0000002220600000] [id=7496]
  0x00000152e4c7fa80 GCTaskThread "GC Thread#2" [stack: 0x0000002220600000,0x0000002220700000] [id=1592]
  0x00000152e4c7fd30 GCTaskThread "GC Thread#3" [stack: 0x0000002220700000,0x0000002220800000] [id=11556]

Threads with active compile tasks:

VM state: not at safepoint (normal execution)

VM Mutex/Monitor currently owned by a thread:  ([mutex/lock_event])
[0x00000152c9516770] Metaspace_lock - owner thread: 0x00000152e54658e0
[0x00000152c9517c90] MultiArray_lock - owner thread: 0x00000152e54658e0

Heap address: 0x00000000c0000000, size: 1024 MB, Compressed Oops mode: 32-bit

CDS archive(s) not mapped
Compressed class space mapped at: 0x0000000100000000-0x0000000140000000, reserved size: 1073741824
Narrow klass base: 0x0000000000000000, Narrow klass shift: 3, Narrow klass range: 0x140000000

GC Precious Log:
 CPUs: 4 total, 4 available
 Memory: 8097M
 Large Page Support: Disabled
 NUMA Support: Disabled
 Compressed Oops: Enabled (32-bit)
 Alignments: Space 512K, Generation 512K, Heap 2M
 Heap Min Capacity: 100M
 Heap Initial Capacity: 100M
 Heap Max Capacity: 1G
 Pre-touch: Disabled
 Parallel Workers: 4

Heap:
 PSYoungGen      total 29696K, used 24129K [0x00000000eab00000, 0x00000000ecc00000, 0x0000000100000000)
  eden space 25600K, 94% used [0x00000000eab00000,0x00000000ec290548,0x00000000ec400000)
  from space 4096K, 0% used [0x00000000ec800000,0x00000000ec800000,0x00000000ecc00000)
  to   space 4096K, 0% used [0x00000000ec400000,0x00000000ec400000,0x00000000ec800000)
 ParOldGen       total 68608K, used 6721K [0x00000000c0000000, 0x00000000c4300000, 0x00000000eab00000)
  object space 68608K, 9% used [0x00000000c0000000,0x00000000c06907a8,0x00000000c4300000)
 Metaspace       used 24318K, committed 24704K, reserved 1114112K
  class space    used 2378K, committed 2560K, reserved 1048576K

Card table byte_map: [0x00000152dcb80000,0x00000152dcd90000] _byte_map_base: 0x00000152dc580000

Marking Bits: (ParMarkBitMap*) 0x00007ffd073f52c0
 Begin Bits: [0x00000152dcef0000, 0x00000152ddef0000)
 End Bits:   [0x00000152ddef0000, 0x00000152deef0000)

Polling page: 0x00000152c9300000

Metaspace:

Usage:
  Non-class:     21.43 MB used.
      Class:      2.32 MB used.
       Both:     23.75 MB used.

Virtual space:
  Non-class space:       64.00 MB reserved,      21.62 MB ( 34%) committed,  1 nodes.
      Class space:        1.00 GB reserved,       2.50 MB ( <1%) committed,  1 nodes.
             Both:        1.06 GB reserved,      24.12 MB (  2%) committed. 

Chunk freelists:
   Non-Class:  10.25 MB
       Class:  13.48 MB
        Both:  23.73 MB

MaxMetaspaceSize: unlimited
CompressedClassSpaceSize: 1.00 GB
Initial GC threshold: 21.00 MB
Current GC threshold: 35.00 MB
CDS: off
MetaspaceReclaimPolicy: balanced
 - commit_granule_bytes: 65536.
 - commit_granule_words: 8192.
 - virtual_space_node_default_size: 8388608.
 - enlarge_chunks_in_place: 1.
 - new_chunks_are_fully_committed: 0.
 - uncommit_free_chunks: 1.
 - use_allocation_guard: 0.
 - handle_deallocations: 1.


Internal statistics:

num_allocs_failed_limit: 3.
num_arena_births: 270.
num_arena_deaths: 14.
num_vsnodes_births: 2.
num_vsnodes_deaths: 0.
num_space_committed: 386.
num_space_uncommitted: 0.
num_chunks_returned_to_freelist: 17.
num_chunks_taken_from_freelist: 904.
num_chunk_merges: 7.
num_chunk_splits: 587.
num_chunks_enlarged: 397.
num_inconsistent_stats: 0.

CodeHeap 'non-profiled nmethods': size=120000Kb used=836Kb max_used=836Kb free=119163Kb
 bounds [0x00000152d5470000, 0x00000152d56e0000, 0x00000152dc9a0000]
CodeHeap 'profiled nmethods': size=120000Kb used=4574Kb max_used=4574Kb free=115425Kb
 bounds [0x00000152cd9a0000, 0x00000152cde20000, 0x00000152d4ed0000]
CodeHeap 'non-nmethods': size=5760Kb used=1213Kb max_used=1213Kb free=4546Kb
 bounds [0x00000152d4ed0000, 0x00000152d5140000, 0x00000152d5470000]
 total_blobs=2800 nmethods=2281 adapters=433
 compilation: enabled
              stopped_count=0, restarted_count=0
 full_count=0

Compilation events (20 events):
Event: 8.432 Thread 0x00000152df2eea80 nmethod 2273 0x00000152cde0ed10 code [0x00000152cde0eea0, 0x00000152cde0f018]
Event: 8.432 Thread 0x00000152df2eea80 2274       3       org.objectweb.asm.ClassReader::createLabel (21 bytes)
Event: 8.433 Thread 0x00000152df2eea80 nmethod 2274 0x00000152cde0f110 code [0x00000152cde0f2e0, 0x00000152cde0f718]
Event: 8.433 Thread 0x00000152df2eea80 2275       3       java.util.ArrayList$SubList::toArray (79 bytes)
Event: 8.434 Thread 0x00000152df2eea80 nmethod 2275 0x00000152cde0f910 code [0x00000152cde0fb00, 0x00000152cde10188]
Event: 8.434 Thread 0x00000152df2eea80 2277       3       org.objectweb.asm.ByteVector::putUTF8 (144 bytes)
Event: 8.434 Thread 0x00000152df2ad300 nmethod 2271 0x00000152d5540910 code [0x00000152d5540aa0, 0x00000152d5540bf8]
Event: 8.435 Thread 0x00000152df2eea80 nmethod 2277 0x00000152cde10390 code [0x00000152cde10600, 0x00000152cde11108]
Event: 8.435 Thread 0x00000152df2eea80 2278       3       java.lang.String::split (327 bytes)
Event: 8.439 Thread 0x00000152df2eea80 nmethod 2278 0x00000152cde11610 code [0x00000152cde11bc0, 0x00000152cde14ef8]
Event: 8.439 Thread 0x00000152df2eea80 2276       3       org.objectweb.asm.MethodVisitor::visitLineNumber (17 bytes)
Event: 8.440 Thread 0x00000152df2eea80 nmethod 2276 0x00000152cde16190 code [0x00000152cde16340, 0x00000152cde16548]
Event: 8.440 Thread 0x00000152df2eea80 2279       3       org.objectweb.asm.MethodWriter::visitLineNumber (50 bytes)
Event: 8.440 Thread 0x00000152df2eea80 nmethod 2279 0x00000152cde16610 code [0x00000152cde167e0, 0x00000152cde16bd8]
Event: 8.440 Thread 0x00000152df2eea80 2280   !   3       java.nio.HeapCharBuffer::toString (30 bytes)
Event: 8.441 Thread 0x00000152df2eea80 nmethod 2280 0x00000152cde16d90 code [0x00000152cde16f40, 0x00000152cde171d8]
Event: 8.441 Thread 0x00000152df2eea80 2281       3       java.util.ArrayDeque::circularClear (43 bytes)
Event: 8.441 Thread 0x00000152df2ad300 2282       4       java.util.concurrent.locks.AbstractQueuedSynchronizer::signalNext (34 bytes)
Event: 8.441 Thread 0x00000152df2eea80 nmethod 2281 0x00000152cde17310 code [0x00000152cde174e0, 0x00000152cde178d8]
Event: 8.442 Thread 0x00000152df2ad300 nmethod 2282 0x00000152d5540d90 code [0x00000152d5540f20, 0x00000152d5540ff8]

GC Heap History (10 events):
Event: 3.912 GC heap before
{Heap before GC invocations=1 (full 0):
 PSYoungGen      total 29696K, used 25600K [0x00000000eab00000, 0x00000000ecc00000, 0x0000000100000000)
  eden space 25600K, 100% used [0x00000000eab00000,0x00000000ec400000,0x00000000ec400000)
  from space 4096K, 0% used [0x00000000ec800000,0x00000000ec800000,0x00000000ecc00000)
  to   space 4096K, 0% used [0x00000000ec400000,0x00000000ec400000,0x00000000ec800000)
 ParOldGen       total 68608K, used 0K [0x00000000c0000000, 0x00000000c4300000, 0x00000000eab00000)
  object space 68608K, 0% used [0x00000000c0000000,0x00000000c0000000,0x00000000c4300000)
 Metaspace       used 11225K, committed 11392K, reserved 1114112K
  class space    used 1121K, committed 1216K, reserved 1048576K
}
Event: 3.932 GC heap after
{Heap after GC invocations=1 (full 0):
 PSYoungGen      total 29696K, used 3177K [0x00000000eab00000, 0x00000000ecc00000, 0x0000000100000000)
  eden space 25600K, 0% used [0x00000000eab00000,0x00000000eab00000,0x00000000ec400000)
  from space 4096K, 77% used [0x00000000ec400000,0x00000000ec71a490,0x00000000ec800000)
  to   space 4096K, 0% used [0x00000000ec800000,0x00000000ec800000,0x00000000ecc00000)
 ParOldGen       total 68608K, used 8K [0x00000000c0000000, 0x00000000c4300000, 0x00000000eab00000)
  object space 68608K, 0% used [0x00000000c0000000,0x00000000c0002000,0x00000000c4300000)
 Metaspace       used 11225K, committed 11392K, reserved 1114112K
  class space    used 1121K, committed 1216K, reserved 1048576K
}
Event: 5.581 GC heap before
{Heap before GC invocations=2 (full 0):
 PSYoungGen      total 29696K, used 28777K [0x00000000eab00000, 0x00000000ecc00000, 0x0000000100000000)
  eden space 25600K, 100% used [0x00000000eab00000,0x00000000ec400000,0x00000000ec400000)
  from space 4096K, 77% used [0x00000000ec400000,0x00000000ec71a490,0x00000000ec800000)
  to   space 4096K, 0% used [0x00000000ec800000,0x00000000ec800000,0x00000000ecc00000)
 ParOldGen       total 68608K, used 8K [0x00000000c0000000, 0x00000000c4300000, 0x00000000eab00000)
  object space 68608K, 0% used [0x00000000c0000000,0x00000000c0002000,0x00000000c4300000)
 Metaspace       used 15406K, committed 15680K, reserved 1114112K
  class space    used 1573K, committed 1728K, reserved 1048576K
}
Event: 5.589 GC heap after
{Heap after GC invocations=2 (full 0):
 PSYoungGen      total 29696K, used 4094K [0x00000000eab00000, 0x00000000ecc00000, 0x0000000100000000)
  eden space 25600K, 0% used [0x00000000eab00000,0x00000000eab00000,0x00000000ec400000)
  from space 4096K, 99% used [0x00000000ec800000,0x00000000ecbff9a0,0x00000000ecc00000)
  to   space 4096K, 0% used [0x00000000ec400000,0x00000000ec400000,0x00000000ec800000)
 ParOldGen       total 68608K, used 676K [0x00000000c0000000, 0x00000000c4300000, 0x00000000eab00000)
  object space 68608K, 0% used [0x00000000c0000000,0x00000000c00a9350,0x00000000c4300000)
 Metaspace       used 15406K, committed 15680K, reserved 1114112K
  class space    used 1573K, committed 1728K, reserved 1048576K
}
Event: 7.397 GC heap before
{Heap before GC invocations=3 (full 0):
 PSYoungGen      total 29696K, used 29694K [0x00000000eab00000, 0x00000000ecc00000, 0x0000000100000000)
  eden space 25600K, 100% used [0x00000000eab00000,0x00000000ec400000,0x00000000ec400000)
  from space 4096K, 99% used [0x00000000ec800000,0x00000000ecbff9a0,0x00000000ecc00000)
  to   space 4096K, 0% used [0x00000000ec400000,0x00000000ec400000,0x00000000ec800000)
 ParOldGen       total 68608K, used 676K [0x00000000c0000000, 0x00000000c4300000, 0x00000000eab00000)
  object space 68608K, 0% used [0x00000000c0000000,0x00000000c00a9350,0x00000000c4300000)
 Metaspace       used 20406K, committed 20800K, reserved 1114112K
  class space    used 2083K, committed 2240K, reserved 1048576K
}
Event: 7.406 GC heap after
{Heap after GC invocations=3 (full 0):
 PSYoungGen      total 29696K, used 4085K [0x00000000eab00000, 0x00000000ecc00000, 0x0000000100000000)
  eden space 25600K, 0% used [0x00000000eab00000,0x00000000eab00000,0x00000000ec400000)
  from space 4096K, 99% used [0x00000000ec400000,0x00000000ec7fd630,0x00000000ec800000)
  to   space 4096K, 0% used [0x00000000ec800000,0x00000000ec800000,0x00000000ecc00000)
 ParOldGen       total 68608K, used 2459K [0x00000000c0000000, 0x00000000c4300000, 0x00000000eab00000)
  object space 68608K, 3% used [0x00000000c0000000,0x00000000c0266c00,0x00000000c4300000)
 Metaspace       used 20406K, committed 20800K, reserved 1114112K
  class space    used 2083K, committed 2240K, reserved 1048576K
}
Event: 7.665 GC heap before
{Heap before GC invocations=4 (full 0):
 PSYoungGen      total 29696K, used 8588K [0x00000000eab00000, 0x00000000ecc00000, 0x0000000100000000)
  eden space 25600K, 17% used [0x00000000eab00000,0x00000000eaf65c78,0x00000000ec400000)
  from space 4096K, 99% used [0x00000000ec400000,0x00000000ec7fd630,0x00000000ec800000)
  to   space 4096K, 0% used [0x00000000ec800000,0x00000000ec800000,0x00000000ecc00000)
 ParOldGen       total 68608K, used 2459K [0x00000000c0000000, 0x00000000c4300000, 0x00000000eab00000)
  object space 68608K, 3% used [0x00000000c0000000,0x00000000c0266c00,0x00000000c4300000)
 Metaspace       used 21109K, committed 21504K, reserved 1114112K
  class space    used 2165K, committed 2368K, reserved 1048576K
}
Event: 7.673 GC heap after
{Heap after GC invocations=4 (full 0):
 PSYoungGen      total 29696K, used 4072K [0x00000000eab00000, 0x00000000ecc00000, 0x0000000100000000)
  eden space 25600K, 0% used [0x00000000eab00000,0x00000000eab00000,0x00000000ec400000)
  from space 4096K, 99% used [0x00000000ec800000,0x00000000ecbfa120,0x00000000ecc00000)
  to   space 4096K, 0% used [0x00000000ec400000,0x00000000ec400000,0x00000000ec800000)
 ParOldGen       total 68608K, used 2783K [0x00000000c0000000, 0x00000000c4300000, 0x00000000eab00000)
  object space 68608K, 4% used [0x00000000c0000000,0x00000000c02b7df8,0x00000000c4300000)
 Metaspace       used 21109K, committed 21504K, reserved 1114112K
  class space    used 2165K, committed 2368K, reserved 1048576K
}
Event: 7.673 GC heap before
{Heap before GC invocations=5 (full 1):
 PSYoungGen      total 29696K, used 4072K [0x00000000eab00000, 0x00000000ecc00000, 0x0000000100000000)
  eden space 25600K, 0% used [0x00000000eab00000,0x00000000eab00000,0x00000000ec400000)
  from space 4096K, 99% used [0x00000000ec800000,0x00000000ecbfa120,0x00000000ecc00000)
  to   space 4096K, 0% used [0x00000000ec400000,0x00000000ec400000,0x00000000ec800000)
 ParOldGen       total 68608K, used 2783K [0x00000000c0000000, 0x00000000c4300000, 0x00000000eab00000)
  object space 68608K, 4% used [0x00000000c0000000,0x00000000c02b7df8,0x00000000c4300000)
 Metaspace       used 21109K, committed 21504K, reserved 1114112K
  class space    used 2165K, committed 2368K, reserved 1048576K
}
Event: 7.716 GC heap after
{Heap after GC invocations=5 (full 1):
 PSYoungGen      total 29696K, used 0K [0x00000000eab00000, 0x00000000ecc00000, 0x0000000100000000)
  eden space 25600K, 0% used [0x00000000eab00000,0x00000000eab00000,0x00000000ec400000)
  from space 4096K, 0% used [0x00000000ec800000,0x00000000ec800000,0x00000000ecc00000)
  to   space 4096K, 0% used [0x00000000ec400000,0x00000000ec400000,0x00000000ec800000)
 ParOldGen       total 68608K, used 6721K [0x00000000c0000000, 0x00000000c4300000, 0x00000000eab00000)
  object space 68608K, 9% used [0x00000000c0000000,0x00000000c06907a8,0x00000000c4300000)
 Metaspace       used 21095K, committed 21504K, reserved 1114112K
  class space    used 2161K, committed 2368K, reserved 1048576K
}

Dll operation events (9 events):
Event: 0.013 Loaded shared library c:\Users\Windows 10 TIMT\.vscode\extensions\redhat.java-1.21.0-win32-x64\jre\17.0.7-win32-x86_64\bin\java.dll
Event: 0.688 Loaded shared library c:\Users\Windows 10 TIMT\.vscode\extensions\redhat.java-1.21.0-win32-x64\jre\17.0.7-win32-x86_64\bin\zip.dll
Event: 0.730 Loaded shared library C:\Users\Windows 10 TIMT\.vscode\extensions\redhat.java-1.21.0-win32-x64\jre\17.0.7-win32-x86_64\bin\instrument.dll
Event: 0.755 Loaded shared library C:\Users\Windows 10 TIMT\.vscode\extensions\redhat.java-1.21.0-win32-x64\jre\17.0.7-win32-x86_64\bin\net.dll
Event: 0.758 Loaded shared library C:\Users\Windows 10 TIMT\.vscode\extensions\redhat.java-1.21.0-win32-x64\jre\17.0.7-win32-x86_64\bin\nio.dll
Event: 0.855 Loaded shared library C:\Users\Windows 10 TIMT\.vscode\extensions\redhat.java-1.21.0-win32-x64\jre\17.0.7-win32-x86_64\bin\zip.dll
Event: 0.990 Loaded shared library C:\Users\Windows 10 TIMT\.vscode\extensions\redhat.java-1.21.0-win32-x64\jre\17.0.7-win32-x86_64\bin\jimage.dll
Event: 1.218 Loaded shared library c:\Users\Windows 10 TIMT\.vscode\extensions\redhat.java-1.21.0-win32-x64\jre\17.0.7-win32-x86_64\bin\verify.dll
Event: 5.129 Loaded shared library C:\Users\Windows 10 TIMT\AppData\Roaming\Code\User\globalStorage\redhat.java\1.21.0\config_ss_win\org.eclipse.equinox.launcher\org.eclipse.equinox.launcher.win32.win32.x86_64_1.2.700.v20221108-1024\eclipse_11801.dll

Deoptimization events (20 events):
Event: 6.397 Thread 0x00000152e54658e0 DEOPT PACKING pc=0x00000152d5516398 sp=0x0000002220bf8a30
Event: 6.397 Thread 0x00000152e54658e0 DEOPT UNPACKING pc=0x00000152d4f266a3 sp=0x0000002220bf89e8 mode 2
Event: 6.397 Thread 0x00000152e54658e0 Uncommon trap: trap_request=0xffffffc6 fr.pc=0x00000152d55151cc relative=0x0000000000000d0c
Event: 6.397 Thread 0x00000152e54658e0 Uncommon trap: reason=bimorphic_or_optimized_type_check action=maybe_recompile pc=0x00000152d55151cc method=java.io.DataInputStream.readInt()I @ 4 c2
Event: 6.397 Thread 0x00000152e54658e0 DEOPT PACKING pc=0x00000152d55151cc sp=0x0000002220bf8a90
Event: 6.397 Thread 0x00000152e54658e0 DEOPT UNPACKING pc=0x00000152d4f266a3 sp=0x0000002220bf8a40 mode 2
Event: 6.397 Thread 0x00000152e54658e0 Uncommon trap: trap_request=0xffffffc6 fr.pc=0x00000152d55151cc relative=0x0000000000000d0c
Event: 6.397 Thread 0x00000152e54658e0 Uncommon trap: reason=bimorphic_or_optimized_type_check action=maybe_recompile pc=0x00000152d55151cc method=java.io.DataInputStream.readInt()I @ 4 c2
Event: 6.397 Thread 0x00000152e54658e0 DEOPT PACKING pc=0x00000152d55151cc sp=0x0000002220bf8a20
Event: 6.397 Thread 0x00000152e54658e0 DEOPT UNPACKING pc=0x00000152d4f266a3 sp=0x0000002220bf89d0 mode 2
Event: 6.829 Thread 0x00000152e54658e0 DEOPT PACKING pc=0x00000152cdd470c3 sp=0x0000002220bf78a0
Event: 6.830 Thread 0x00000152e54658e0 DEOPT UNPACKING pc=0x00000152d4f26e43 sp=0x0000002220bf6dc0 mode 0
Event: 6.973 Thread 0x00000152e54658e0 Uncommon trap: trap_request=0xffffff45 fr.pc=0x00000152d5521a98 relative=0x0000000000000f78
Event: 6.973 Thread 0x00000152e54658e0 Uncommon trap: reason=unstable_if action=reinterpret pc=0x00000152d5521a98 method=java.util.Properties.loadConvert([CIILjava/lang/StringBuilder;)Ljava/lang/String; @ 491 c2
Event: 6.973 Thread 0x00000152e54658e0 DEOPT PACKING pc=0x00000152d5521a98 sp=0x0000002220bf7ce0
Event: 6.973 Thread 0x00000152e54658e0 DEOPT UNPACKING pc=0x00000152d4f266a3 sp=0x0000002220bf7cc0 mode 2
Event: 7.328 Thread 0x00000152e54658e0 Uncommon trap: trap_request=0xffffff45 fr.pc=0x00000152d54f2a40 relative=0x0000000000000040
Event: 7.328 Thread 0x00000152e54658e0 Uncommon trap: reason=unstable_if action=reinterpret pc=0x00000152d54f2a40 method=sun.nio.fs.WindowsPathParser.isSlash(C)Z @ 9 c2
Event: 7.328 Thread 0x00000152e54658e0 DEOPT PACKING pc=0x00000152d54f2a40 sp=0x0000002220bf9380
Event: 7.328 Thread 0x00000152e54658e0 DEOPT UNPACKING pc=0x00000152d4f266a3 sp=0x0000002220bf9308 mode 2

Classes unloaded (7 events):
Event: 7.681 Thread 0x00000152df267d20 Unloading class 0x0000000100219000 'java/lang/invoke/LambdaForm$MH+0x0000000100219000'
Event: 7.681 Thread 0x00000152df267d20 Unloading class 0x0000000100218c00 'java/lang/invoke/LambdaForm$MH+0x0000000100218c00'
Event: 7.681 Thread 0x00000152df267d20 Unloading class 0x0000000100218800 'java/lang/invoke/LambdaForm$MH+0x0000000100218800'
Event: 7.681 Thread 0x00000152df267d20 Unloading class 0x0000000100218400 'java/lang/invoke/LambdaForm$MH+0x0000000100218400'
Event: 7.681 Thread 0x00000152df267d20 Unloading class 0x0000000100218000 'java/lang/invoke/LambdaForm$BMH+0x0000000100218000'
Event: 7.681 Thread 0x00000152df267d20 Unloading class 0x0000000100217c00 'java/lang/invoke/LambdaForm$DMH+0x0000000100217c00'
Event: 7.681 Thread 0x00000152df267d20 Unloading class 0x0000000100215000 'java/lang/invoke/LambdaForm$DMH+0x0000000100215000'

Classes redefined (0 events):
No events

Internal exceptions (20 events):
Event: 6.804 Thread 0x00000152e54658e0 Exception <a 'java/lang/NoSuchMethodError'{0x00000000ebcdaac8}: 'int java.lang.invoke.DirectMethodHandle$Holder.invokeSpecial(java.lang.Object, java.lang.Object, java.lang.Object)'> (0x00000000ebcdaac8) 
thrown [s\src\hotspot\share\interpreter\linkResolver.cpp, line 759]
Event: 6.807 Thread 0x00000152e54658e0 Exception <a 'java/lang/NoSuchMethodError'{0x00000000ebceb220}: 'int java.lang.invoke.DirectMethodHandle$Holder.invokeStatic(java.lang.Object, java.lang.Object, int)'> (0x00000000ebceb220) 
thrown [s\src\hotspot\share\interpreter\linkResolver.cpp, line 759]
Event: 6.808 Thread 0x00000152e54658e0 Exception <a 'java/lang/NoSuchMethodError'{0x00000000ebcef248}: 'int java.lang.invoke.DirectMethodHandle$Holder.invokeSpecial(java.lang.Object, java.lang.Object, java.lang.Object, int)'> (0x00000000ebcef248) 
thrown [s\src\hotspot\share\interpreter\linkResolver.cpp, line 759]
Event: 6.811 Thread 0x00000152e54658e0 Exception <a 'java/lang/NoSuchMethodError'{0x00000000ebd09df8}: 'java.lang.Object java.lang.invoke.DirectMethodHandle$Holder.invokeStatic(java.lang.Object, java.lang.Object, java.lang.Object, java.lang.Object, int)'> (0x00000000ebd09df8) 
thrown [s\src\hotspot\share\interpreter\linkResolver.cpp, line 759]
Event: 6.813 Thread 0x00000152e54658e0 Exception <a 'java/lang/NoSuchMethodError'{0x00000000ebd15df0}: 'java.lang.Object java.lang.invoke.DelegatingMethodHandle$Holder.reinvoke_L(java.lang.Object, java.lang.Object, java.lang.Object, java.lang.Object, int, int)'> (0x00000000ebd15df0) 
thrown [s\src\hotspot\share\interpreter\linkResolver.cpp, line 759]
Event: 6.818 Thread 0x00000152e54658e0 Exception <a 'java/lang/NoSuchMethodError'{0x00000000ebd2a858}: 'java.lang.Object java.lang.invoke.Invokers$Holder.invokeExact_MT(java.lang.Object, java.lang.Object, java.lang.Object, java.lang.Object)'> (0x00000000ebd2a858) 
thrown [s\src\hotspot\share\interpreter\linkResolver.cpp, line 759]
Event: 7.223 Thread 0x00000152e54658e0 Exception <a 'java/lang/NoSuchMethodError'{0x00000000ec177528}: 'java.lang.Object java.lang.invoke.DirectMethodHandle$Holder.newInvokeSpecial(java.lang.Object, java.lang.Object, java.lang.Object, java.lang.Object, java.lang.Object)'> (0x00000000ec177528) 
thrown [s\src\hotspot\share\interpreter\linkResolver.cpp, line 759]
Event: 7.448 Thread 0x00000152e54658e0 Exception <a 'java/lang/NoSuchMethodError'{0x00000000eabff8a8}: 'java.lang.Object java.lang.invoke.DirectMethodHandle$Holder.invokeSpecial(java.lang.Object, java.lang.Object, java.lang.Object, long, java.lang.Object)'> (0x00000000eabff8a8) 
thrown [s\src\hotspot\share\interpreter\linkResolver.cpp, line 759]
Event: 7.449 Thread 0x00000152e54658e0 Exception <a 'java/lang/NoSuchMethodError'{0x00000000eac07a60}: 'java.lang.Object java.lang.invoke.DirectMethodHandle$Holder.newInvokeSpecial(java.lang.Object, java.lang.Object, java.lang.Object, long)'> (0x00000000eac07a60) 
thrown [s\src\hotspot\share\interpreter\linkResolver.cpp, line 759]
Event: 7.450 Thread 0x00000152e54658e0 Exception <a 'java/lang/NoSuchMethodError'{0x00000000eac0c000}: 'java.lang.Object java.lang.invoke.DirectMethodHandle$Holder.invokeSpecial(java.lang.Object, java.lang.Object, java.lang.Object, java.lang.Object, long)'> (0x00000000eac0c000) 
thrown [s\src\hotspot\share\interpreter\linkResolver.cpp, line 759]
Event: 7.450 Thread 0x00000152e54658e0 Exception <a 'java/lang/NoSuchMethodError'{0x00000000eac0fe78}: 'java.lang.Object java.lang.invoke.Invokers$Holder.linkToTargetMethod(java.lang.Object, java.lang.Object, long, java.lang.Object)'> (0x00000000eac0fe78) 
thrown [s\src\hotspot\share\interpreter\linkResolver.cpp, line 759]
Event: 7.513 Thread 0x00000152e54658e0 Exception <a 'java/lang/NoSuchMethodError'{0x00000000eac6cb98}: 'int java.lang.invoke.DirectMethodHandle$Holder.invokeStaticInit(java.lang.Object, java.lang.Object, java.lang.Object)'> (0x00000000eac6cb98) 
thrown [s\src\hotspot\share\interpreter\linkResolver.cpp, line 759]
Event: 7.525 Thread 0x00000152e54658e0 Exception <a 'java/lang/IncompatibleClassChangeError'{0x00000000eacf4c60}: Found class java.lang.Object, but interface was expected> (0x00000000eacf4c60) 
thrown [s\src\hotspot\share\interpreter\linkResolver.cpp, line 826]
Event: 7.541 Thread 0x00000152e54658e0 Exception <a 'java/lang/NoSuchMethodError'{0x00000000ead112c0}: 'java.lang.Object java.lang.invoke.DirectMethodHandle$Holder.invokeSpecial(java.lang.Object, java.lang.Object, java.lang.Object, int, java.lang.Object, java.lang.Object)'> (0x00000000ead112c0) 
thrown [s\src\hotspot\share\interpreter\linkResolver.cpp, line 759]
Event: 7.543 Thread 0x00000152e54658e0 Exception <a 'java/lang/NoSuchMethodError'{0x00000000ead19a48}: 'java.lang.Object java.lang.invoke.DirectMethodHandle$Holder.newInvokeSpecial(java.lang.Object, java.lang.Object, java.lang.Object, int, java.lang.Object)'> (0x00000000ead19a48) 
thrown [s\src\hotspot\share\interpreter\linkResolver.cpp, line 759]
Event: 7.543 Thread 0x00000152e54658e0 Exception <a 'java/lang/NoSuchMethodError'{0x00000000ead1dea0}: 'java.lang.Object java.lang.invoke.DirectMethodHandle$Holder.invokeSpecial(java.lang.Object, java.lang.Object, java.lang.Object, java.lang.Object, int, java.lang.Object)'> (0x00000000ead1dea0) 
thrown [s\src\hotspot\share\interpreter\linkResolver.cpp, line 759]
Event: 7.545 Thread 0x00000152e4a609a0 Exception <a 'java/lang/NoSuchMethodError'{0x00000000eac7c210}: 'java.lang.Object java.lang.invoke.DirectMethodHandle$Holder.invokeSpecial(java.lang.Object, java.lang.Object, int, java.lang.Object, java.lang.Object)'> (0x00000000eac7c210) 
thrown [s\src\hotspot\share\interpreter\linkResolver.cpp, line 759]
Event: 7.546 Thread 0x00000152e4a609a0 Exception <a 'java/lang/NoSuchMethodError'{0x00000000eac838e0}: 'java.lang.Object java.lang.invoke.DirectMethodHandle$Holder.newInvokeSpecial(java.lang.Object, java.lang.Object, int, java.lang.Object)'> (0x00000000eac838e0) 
thrown [s\src\hotspot\share\interpreter\linkResolver.cpp, line 759]
Event: 7.546 Thread 0x00000152e4a609a0 Exception <a 'java/lang/NoSuchMethodError'{0x00000000eac873f0}: 'java.lang.Object java.lang.invoke.DirectMethodHandle$Holder.invokeSpecial(java.lang.Object, java.lang.Object, java.lang.Object, int, java.lang.Object)'> (0x00000000eac873f0) 
thrown [s\src\hotspot\share\interpreter\linkResolver.cpp, line 759]
Event: 7.630 Thread 0x00000152e4a609a0 Exception <a 'java/io/FileNotFoundException'{0x00000000eaec3240}> (0x00000000eaec3240) 
thrown [s\src\hotspot\share\prims\jni.cpp, line 516]

VM Operations (20 events):
Event: 5.330 Executing VM operation: HandshakeAllThreads
Event: 5.330 Executing VM operation: HandshakeAllThreads done
Event: 5.330 Executing VM operation: Cleanup
Event: 5.331 Executing VM operation: Cleanup done
Event: 5.581 Executing VM operation: ParallelGCFailedAllocation
Event: 5.589 Executing VM operation: ParallelGCFailedAllocation done
Event: 6.398 Executing VM operation: HandshakeAllThreads
Event: 6.398 Executing VM operation: HandshakeAllThreads done
Event: 6.801 Executing VM operation: HandshakeAllThreads
Event: 6.801 Executing VM operation: HandshakeAllThreads done
Event: 6.801 Executing VM operation: Cleanup
Event: 6.801 Executing VM operation: Cleanup done
Event: 7.397 Executing VM operation: ParallelGCFailedAllocation
Event: 7.406 Executing VM operation: ParallelGCFailedAllocation done
Event: 7.615 Executing VM operation: HandshakeAllThreads
Event: 7.615 Executing VM operation: HandshakeAllThreads done
Event: 7.665 Executing VM operation: CollectForMetadataAllocation
Event: 7.716 Executing VM operation: CollectForMetadataAllocation done
Event: 8.484 Executing VM operation: HandshakeAllThreads
Event: 8.485 Executing VM operation: HandshakeAllThreads done

Events (20 events):
Event: 7.818 loading class java/io/StringReader
Event: 7.819 loading class java/io/StringReader done
Event: 7.844 loading class java/util/zip/GZIPInputStream
Event: 7.844 loading class java/util/zip/GZIPInputStream done
Event: 7.850 loading class java/net/SocketTimeoutException
Event: 7.851 loading class java/io/InterruptedIOException
Event: 7.851 loading class java/io/InterruptedIOException done
Event: 7.851 loading class java/net/SocketTimeoutException done
Event: 7.851 loading class java/net/SocketException
Event: 7.852 loading class java/net/SocketException done
Event: 7.852 loading class java/net/UnknownHostException
Event: 7.852 loading class java/net/UnknownHostException done
Event: 7.852 loading class java/net/ProtocolException
Event: 7.853 loading class java/net/ProtocolException done
Event: 8.037 Thread 0x00000152e533a030 Thread added: 0x00000152e533a030
Event: 8.078 loading class java/io/FileWriter
Event: 8.078 loading class java/io/FileWriter done
Event: 8.087 loading class java/lang/NegativeArraySizeException
Event: 8.087 loading class java/lang/NegativeArraySizeException done
Event: 8.198 Thread 0x00000152e533a030 Thread exited: 0x00000152e533a030


Dynamic libraries:
0x00007ff751550000 - 0x00007ff75155e000 	c:\Users\Windows 10 TIMT\.vscode\extensions\redhat.java-1.21.0-win32-x64\jre\17.0.7-win32-x86_64\bin\java.exe
0x00007ffd58550000 - 0x00007ffd58748000 	C:\WINDOWS\SYSTEM32\ntdll.dll
0x00007ffd575d0000 - 0x00007ffd5768f000 	C:\WINDOWS\System32\KERNEL32.DLL
0x00007ffd55f60000 - 0x00007ffd56256000 	C:\WINDOWS\System32\KERNELBASE.dll
0x00007ffd55e10000 - 0x00007ffd55f10000 	C:\WINDOWS\System32\ucrtbase.dll
0x00007ffd4f410000 - 0x00007ffd4f427000 	c:\Users\Windows 10 TIMT\.vscode\extensions\redhat.java-1.21.0-win32-x64\jre\17.0.7-win32-x86_64\bin\jli.dll
0x00007ffd56ce0000 - 0x00007ffd56e7d000 	C:\WINDOWS\System32\USER32.dll
0x00007ffd55c90000 - 0x00007ffd55cb2000 	C:\WINDOWS\System32\win32u.dll
0x00007ffd57c40000 - 0x00007ffd57c6c000 	C:\WINDOWS\System32\GDI32.dll
0x00007ffd55cf0000 - 0x00007ffd55e05000 	C:\WINDOWS\System32\gdi32full.dll
0x00007ffd562d0000 - 0x00007ffd5636d000 	C:\WINDOWS\System32\msvcp_win.dll
0x00007ffd452f0000 - 0x00007ffd45309000 	c:\Users\Windows 10 TIMT\.vscode\extensions\redhat.java-1.21.0-win32-x64\jre\17.0.7-win32-x86_64\bin\VCRUNTIME140.dll
0x00007ffd49fd0000 - 0x00007ffd4a26a000 	C:\WINDOWS\WinSxS\amd64_microsoft.windows.common-controls_6595b64144ccf1df_6.0.19041.1110_none_60b5254171f9507e\COMCTL32.dll
0x00007ffd573d0000 - 0x00007ffd5746e000 	C:\WINDOWS\System32\msvcrt.dll
0x00007ffd57340000 - 0x00007ffd57370000 	C:\WINDOWS\System32\IMM32.DLL
0x00007ffd443b0000 - 0x00007ffd443bc000 	c:\Users\Windows 10 TIMT\.vscode\extensions\redhat.java-1.21.0-win32-x64\jre\17.0.7-win32-x86_64\bin\vcruntime140_1.dll
0x00007ffd39830000 - 0x00007ffd398c1000 	c:\Users\Windows 10 TIMT\.vscode\extensions\redhat.java-1.21.0-win32-x64\jre\17.0.7-win32-x86_64\bin\msvcp140.dll
0x00007ffd06870000 - 0x00007ffd074b8000 	c:\Users\Windows 10 TIMT\.vscode\extensions\redhat.java-1.21.0-win32-x64\jre\17.0.7-win32-x86_64\bin\server\jvm.dll
0x00007ffd57b20000 - 0x00007ffd57bcf000 	C:\WINDOWS\System32\ADVAPI32.dll
0x00007ffd57470000 - 0x00007ffd5750c000 	C:\WINDOWS\System32\sechost.dll
0x00007ffd567c0000 - 0x00007ffd568e6000 	C:\WINDOWS\System32\RPCRT4.dll
0x00007ffd2bae0000 - 0x00007ffd2bae9000 	C:\WINDOWS\SYSTEM32\WSOCK32.dll
0x00007ffd57bd0000 - 0x00007ffd57c3b000 	C:\WINDOWS\System32\WS2_32.dll
0x00007ffd4b610000 - 0x00007ffd4b637000 	C:\WINDOWS\SYSTEM32\WINMM.dll
0x00007ffd49930000 - 0x00007ffd4993a000 	C:\WINDOWS\SYSTEM32\VERSION.dll
0x00007ffd544d0000 - 0x00007ffd544e2000 	C:\WINDOWS\SYSTEM32\kernel.appcore.dll
0x00007ffd443a0000 - 0x00007ffd443aa000 	c:\Users\Windows 10 TIMT\.vscode\extensions\redhat.java-1.21.0-win32-x64\jre\17.0.7-win32-x86_64\bin\jimage.dll
0x00007ffd45020000 - 0x00007ffd45204000 	C:\WINDOWS\SYSTEM32\DBGHELP.DLL
0x00007ffd44fc0000 - 0x00007ffd44ff4000 	C:\WINDOWS\SYSTEM32\dbgcore.DLL
0x00007ffd56370000 - 0x00007ffd563f2000 	C:\WINDOWS\System32\bcryptPrimitives.dll
0x00007ffd41a90000 - 0x00007ffd41a9e000 	c:\Users\Windows 10 TIMT\.vscode\extensions\redhat.java-1.21.0-win32-x64\jre\17.0.7-win32-x86_64\bin\instrument.dll
0x00007ffd39ce0000 - 0x00007ffd39d05000 	c:\Users\Windows 10 TIMT\.vscode\extensions\redhat.java-1.21.0-win32-x64\jre\17.0.7-win32-x86_64\bin\java.dll
0x00007ffd41820000 - 0x00007ffd41838000 	c:\Users\Windows 10 TIMT\.vscode\extensions\redhat.java-1.21.0-win32-x64\jre\17.0.7-win32-x86_64\bin\zip.dll
0x00007ffd57d00000 - 0x00007ffd58444000 	C:\WINDOWS\System32\SHELL32.dll
0x00007ffd53c00000 - 0x00007ffd54393000 	C:\WINDOWS\SYSTEM32\windows.storage.dll
0x00007ffd56f50000 - 0x00007ffd572a4000 	C:\WINDOWS\System32\combase.dll
0x00007ffd555f0000 - 0x00007ffd5561e000 	C:\WINDOWS\SYSTEM32\Wldp.dll
0x00007ffd57520000 - 0x00007ffd575cd000 	C:\WINDOWS\System32\SHCORE.dll
0x00007ffd568f0000 - 0x00007ffd56945000 	C:\WINDOWS\System32\shlwapi.dll
0x00007ffd55bc0000 - 0x00007ffd55be5000 	C:\WINDOWS\SYSTEM32\profapi.dll
0x00007ffd40cd0000 - 0x00007ffd40ce9000 	C:\Users\Windows 10 TIMT\.vscode\extensions\redhat.java-1.21.0-win32-x64\jre\17.0.7-win32-x86_64\bin\net.dll
0x00007ffd4df80000 - 0x00007ffd4e08a000 	C:\WINDOWS\SYSTEM32\WINHTTP.dll
0x00007ffd553d0000 - 0x00007ffd5543a000 	C:\WINDOWS\system32\mswsock.dll
0x00007ffd3fc80000 - 0x00007ffd3fc95000 	C:\Users\Windows 10 TIMT\.vscode\extensions\redhat.java-1.21.0-win32-x64\jre\17.0.7-win32-x86_64\bin\nio.dll
0x00007ffd41790000 - 0x00007ffd417a0000 	c:\Users\Windows 10 TIMT\.vscode\extensions\redhat.java-1.21.0-win32-x64\jre\17.0.7-win32-x86_64\bin\verify.dll
0x00007ffd39380000 - 0x00007ffd393be000 	C:\Users\Windows 10 TIMT\AppData\Roaming\Code\User\globalStorage\redhat.java\1.21.0\config_ss_win\org.eclipse.equinox.launcher\org.eclipse.equinox.launcher.win32.win32.x86_64_1.2.700.v20221108-1024\eclipse_11801.dll
0x00007ffd56a70000 - 0x00007ffd56b9a000 	C:\WINDOWS\System32\ole32.dll

dbghelp: loaded successfully - version: 4.0.5 - missing functions: none
symbol engine: initialized successfully - sym options: 0x614 - pdb path: .;c:\Users\Windows 10 TIMT\.vscode\extensions\redhat.java-1.21.0-win32-x64\jre\17.0.7-win32-x86_64\bin;C:\WINDOWS\SYSTEM32;C:\WINDOWS\WinSxS\amd64_microsoft.windows.common-controls_6595b64144ccf1df_6.0.19041.1110_none_60b5254171f9507e;c:\Users\Windows 10 TIMT\.vscode\extensions\redhat.java-1.21.0-win32-x64\jre\17.0.7-win32-x86_64\bin\server;C:\Users\Windows 10 TIMT\AppData\Roaming\Code\User\globalStorage\redhat.java\1.21.0\config_ss_win\org.eclipse.equinox.launcher\org.eclipse.equinox.launcher.win32.win32.x86_64_1.2.700.v20221108-1024

VM Arguments:
jvm_args: --add-modules=ALL-SYSTEM --add-opens=java.base/java.util=ALL-UNNAMED --add-opens=java.base/java.lang=ALL-UNNAMED --add-opens=java.base/sun.nio.fs=ALL-UNNAMED -Declipse.application=org.eclipse.jdt.ls.core.id1 -Dosgi.bundles.defaultStartLevel=4 -Declipse.product=org.eclipse.jdt.ls.core.product -Djava.import.generatesMetadataFilesAtProjectRoot=false -Dfile.encoding=utf8 -XX:+UseParallelGC -XX:GCTimeRatio=4 -XX:AdaptiveSizePolicyWeight=90 -Dsun.zip.disableMemoryMapping=true -Xmx1G -Xms100m -Xlog:disable -javaagent:c:\Users\Windows 10 TIMT\.vscode\extensions\redhat.java-1.21.0-win32-x64\lombok\lombok-1.18.28.jar 
java_command: c:\Users\Windows 10 TIMT\.vscode\extensions\redhat.java-1.21.0-win32-x64\server\plugins\org.eclipse.equinox.launcher_1.6.500.v20230717-2134.jar -configuration c:\Users\Windows 10 TIMT\AppData\Roaming\Code\User\globalStorage\redhat.java\1.21.0\config_ss_win -data c:\Users\Windows 10 TIMT\AppData\Roaming\Code\User\workspaceStorage\92076da0913d8ea7151b77126da4d152\redhat.java\ss_ws
java_class_path (initial): c:\Users\Windows 10 TIMT\.vscode\extensions\redhat.java-1.21.0-win32-x64\server\plugins\org.eclipse.equinox.launcher_1.6.500.v20230717-2134.jar
Launcher Type: SUN_STANDARD

[Global flags]
    uintx AdaptiveSizePolicyWeight                 = 90                                        {product} {command line}
     intx CICompilerCount                          = 3                                         {product} {ergonomic}
    uintx GCTimeRatio                              = 4                                         {product} {command line}
   size_t InitialHeapSize                          = 104857600                                 {product} {command line}
   size_t MaxHeapSize                              = 1073741824                                {product} {command line}
   size_t MaxNewSize                               = 357564416                                 {product} {ergonomic}
   size_t MinHeapDeltaBytes                        = 524288                                    {product} {ergonomic}
   size_t MinHeapSize                              = 104857600                                 {product} {command line}
   size_t NewSize                                  = 34603008                                  {product} {ergonomic}
    uintx NonNMethodCodeHeapSize                   = 5832780                                {pd product} {ergonomic}
    uintx NonProfiledCodeHeapSize                  = 122912730                              {pd product} {ergonomic}
   size_t OldSize                                  = 70254592                                  {product} {ergonomic}
    uintx ProfiledCodeHeapSize                     = 122912730                              {pd product} {ergonomic}
    uintx ReservedCodeCacheSize                    = 251658240                              {pd product} {ergonomic}
     bool SegmentedCodeCache                       = true                                      {product} {ergonomic}
   size_t SoftMaxHeapSize                          = 1073741824                             {manageable} {ergonomic}
     bool UseCompressedClassPointers               = true                           {product lp64_product} {ergonomic}
     bool UseCompressedOops                        = true                           {product lp64_product} {ergonomic}
     bool UseLargePagesIndividualAllocation        = false                                  {pd product} {ergonomic}
     bool UseParallelGC                            = true                                      {product} {command line}

Logging:
Log output configuration:
 #0: stdout all=off uptime,level,tags
 #1: stderr all=off uptime,level,tags

Environment Variables:
JAVA_HOME=C:\Program Files\Java\jdk-18.0.2
PATH=C:\Program Files\Common Files\Oracle\Java\javapath;C:\WINDOWS\system32;C:\WINDOWS;C:\WINDOWS\System32\Wbem;C:\WINDOWS\System32\WindowsPowerShell\v1.0\;C:\Program Files\Microsoft SQL Server\110\Tools\Binn\;C:\WINDOWS\System32\OpenSSH\;C:\MinGW\mingw64\bin;C:\Program Files\Azure Data Studio\bin;C:\Program Files\Git\cmd;C:\Program Files (x86)\Microsoft SQL Server\160\DTS\Binn\;C:\Program Files\apache-maven-3.9.1\bin;C:\Program Files\apache-maven-3.9.1;%M2_HOME%\bin;C:\Program Files (x86)\nodejs\;C:\Program Files\Microsoft SQL Server\Client SDK\ODBC\170\Tools\Binn\;C:\Program Files (x86)\Microsoft SQL Server\150\Tools\Binn\;C:\Program Files\Microsoft SQL Server\150\Tools\Binn\;C:\Program Files\Microsoft SQL Server\150\DTS\Binn\;C:\Program Files\Docker\Docker\resources\bin;C:\Users\Windows 10 TIMT\AppData\Local\Microsoft\WindowsApps;C:\Program Files\Azure Data Studio\bin;D:\Microsoft VS Code\bin;C:\Users\Windows 10 TIMT\AppData\Local\Microsoft\WindowsApps\pip3.10.exe;C:\Program Files\Azure Data Studio\bin;C:\Users\Windows 10 TIMT\AppData\Roaming\npm
USERNAME=Windows 10 TIMT
OS=Windows_NT
PROCESSOR_IDENTIFIER=Intel64 Family 6 Model 69 Stepping 1, GenuineIntel
TMP=C:\Users\WINDOW~1\AppData\Local\Temp
TEMP=C:\Users\WINDOW~1\AppData\Local\Temp



---------------  S Y S T E M  ---------------

OS:
 Windows 10 , 64 bit Build 19041 (10.0.19041.3155)
OS uptime: 0 days 1:48 hours
Hyper-V role detected

CPU: total 4 (initial active 4) (2 cores per cpu, 2 threads per core) family 6 model 69 stepping 1 microcode 0x25, cx8, cmov, fxsr, ht, mmx, sse, sse2, sse3, ssse3, sse4.1, sse4.2, popcnt, lzcnt, tsc, tscinvbit, avx, avx2, aes, erms, clmul, bmi1, bmi2, fma, vzeroupper, clflush, hv

Memory: 4k page, system-wide physical 8097M (438M free)
TotalPageFile size 8097M (AvailPageFile size 0M)
current process WorkingSet (physical memory assigned to process): 112M, peak: 112M
current process commit charge ("private bytes"): 208M, peak: 208M

vm_info: OpenJDK 64-Bit Server VM (17.0.7+7) for windows-amd64 JRE (17.0.7+7), built on Apr 18 2023 22:10:42 by "temurin" with MS VC++ 16.7 (VS2019)

END.
