#
# There is insufficient memory for the Java Runtime Environment to continue.
# Native memory allocation (mmap) failed to map 65536 bytes for Failed to commit metaspace.
# Possible reasons:
#   The system is out of physical RAM or swap space
#   The process is running with CompressedOops enabled, and the Java Heap may be blocking the growth of the native heap
# Possible solutions:
#   Reduce memory load on the system
#   Increase physical memory or swap space
#   Check if swap backing store is full
#   Decrease Java heap size (-Xmx/-Xms)
#   Decrease number of Java threads
#   Decrease Java thread stack sizes (-Xss)
#   Set larger code cache with -XX:ReservedCodeCacheSize=
#   JVM is running with Unscaled Compressed Oops mode in which the Java heap is
#     placed in the first 4GB address space. The Java Heap base address is the
#     maximum limit for the native heap growth. Please use -XX:HeapBaseMinAddress
#     to set the Java Heap base and to place the Java Heap above 4GB virtual address.
# This output file may be truncated or incomplete.
#
#  Out of Memory Error (virtualSpaceNode.cpp:110), pid=7500, tid=9836
#
# JRE version: OpenJDK Runtime Environment Temurin-17.0.7+7 (17.0.7+7) (build 17.0.7+7)
# Java VM: OpenJDK 64-Bit Server VM Temurin-17.0.7+7 (17.0.7+7, mixed mode, tiered, compressed oops, compressed class ptrs, parallel gc, windows-amd64)
# No core dump will be written. Minidumps are not enabled by default on client versions of Windows
#

---------------  S U M M A R Y ------------

Command Line: --add-modules=ALL-SYSTEM --add-opens=java.base/java.util=ALL-UNNAMED --add-opens=java.base/java.lang=ALL-UNNAMED --add-opens=java.base/sun.nio.fs=ALL-UNNAMED -Declipse.application=org.eclipse.jdt.ls.core.id1 -Dosgi.bundles.defaultStartLevel=4 -Declipse.product=org.eclipse.jdt.ls.core.product -Djava.import.generatesMetadataFilesAtProjectRoot=false -Dfile.encoding=utf8 -XX:+UseParallelGC -XX:GCTimeRatio=4 -XX:AdaptiveSizePolicyWeight=90 -Dsun.zip.disableMemoryMapping=true -Xmx1G -Xms100m -Xlog:disable -javaagent:c:\Users\Windows 10 TIMT\.vscode\extensions\redhat.java-1.21.0-win32-x64\lombok\lombok-1.18.28.jar -XX:+HeapDumpOnOutOfMemoryError -XX:HeapDumpPath=c:\Users\Windows 10 TIMT\AppData\Roaming\Code\User\workspaceStorage\92076da0913d8ea7151b77126da4d152\redhat.java -Daether.dependencyCollector.impl=bf c:\Users\Windows 10 TIMT\.vscode\extensions\redhat.java-1.21.0-win32-x64\server\plugins\org.eclipse.equinox.launcher_1.6.500.v20230717-2134.jar -configuration c:\Users\Windows 10 TIMT\AppData\Roaming\Code\User\globalStorage\redhat.java\1.21.0\config_win -data c:\Users\Windows 10 TIMT\AppData\Roaming\Code\User\workspaceStorage\92076da0913d8ea7151b77126da4d152\redhat.java\jdt_ws

Host: Intel(R) Core(TM) i5-4300U CPU @ 1.90GHz, 4 cores, 7G,  Windows 10 , 64 bit Build 19041 (10.0.19041.3155)
Time: Fri Aug 18 01:01:36 2023 SE Asia Standard Time elapsed time: 3.150353 seconds (0d 0h 0m 3s)

---------------  T H R E A D  ---------------

Current thread (0x0000017e7784b2b0):  JavaThread "main" [_thread_in_vm, id=9836, stack(0x0000004e2e100000,0x0000004e2e200000)]

Stack: [0x0000004e2e100000,0x0000004e2e200000]
Native frames: (J=compiled Java code, j=interpreted, Vv=VM code, C=native code)
V  [jvm.dll+0x67754a]
V  [jvm.dll+0x834304]
V  [jvm.dll+0x835aae]
V  [jvm.dll+0x836113]
V  [jvm.dll+0x24696f]
V  [jvm.dll+0x83039b]
V  [jvm.dll+0x61c006]
V  [jvm.dll+0x61c06a]
V  [jvm.dll+0x61e89a]
V  [jvm.dll+0x61c9a6]
V  [jvm.dll+0x2442bc]
V  [jvm.dll+0x6cdf4d]
V  [jvm.dll+0x6ce97f]
V  [jvm.dll+0x371b23]
V  [jvm.dll+0x371996]
V  [jvm.dll+0x370bc4]
V  [jvm.dll+0x370b68]
V  [jvm.dll+0x380a8a]
C  0x0000017e0754ae1b

Java frames: (J=compiled Java code, j=interpreted, Vv=VM code)
j  org.eclipse.osgi.internal.url.MultiplexingFactory.<clinit>()V+374
v  ~StubRoutines::call_stub
j  org.eclipse.osgi.storage.FrameworkExtensionInstaller.findAddURLMethod(Ljava/lang/ClassLoader;Ljava/lang/String;)Ljava/lang/reflect/Method;+20
j  org.eclipse.osgi.storage.FrameworkExtensionInstaller.<clinit>()V+13
v  ~StubRoutines::call_stub
j  org.eclipse.osgi.storage.Storage.<init>(Lorg/eclipse/osgi/internal/framework/EquinoxContainer;[Ljava/lang/String;)V+239
j  org.eclipse.osgi.storage.Storage.createStorage(Lorg/eclipse/osgi/internal/framework/EquinoxContainer;)Lorg/eclipse/osgi/storage/Storage;+11
j  org.eclipse.osgi.internal.framework.EquinoxContainer.<init>(Ljava/util/Map;Lorg/osgi/framework/connect/ModuleConnector;)V+145
j  org.eclipse.osgi.launch.Equinox.<init>(Ljava/util/Map;Lorg/osgi/framework/connect/ModuleConnector;)V+10
j  org.eclipse.osgi.launch.Equinox.<init>(Ljava/util/Map;)V+3
j  org.eclipse.core.runtime.adaptor.EclipseStarter.startup([Ljava/lang/String;Ljava/lang/Runnable;)Lorg/osgi/framework/BundleContext;+28
j  org.eclipse.core.runtime.adaptor.EclipseStarter.run([Ljava/lang/String;Ljava/lang/Runnable;)Ljava/lang/Object;+21
v  ~StubRoutines::call_stub
j  jdk.internal.reflect.NativeMethodAccessorImpl.invoke0(Ljava/lang/reflect/Method;Ljava/lang/Object;[Ljava/lang/Object;)Ljava/lang/Object;+0 java.base@17.0.7
j  jdk.internal.reflect.NativeMethodAccessorImpl.invoke(Ljava/lang/Object;[Ljava/lang/Object;)Ljava/lang/Object;+133 java.base@17.0.7
j  jdk.internal.reflect.DelegatingMethodAccessorImpl.invoke(Ljava/lang/Object;[Ljava/lang/Object;)Ljava/lang/Object;+6 java.base@17.0.7
j  java.lang.reflect.Method.invoke(Ljava/lang/Object;[Ljava/lang/Object;)Ljava/lang/Object;+59 java.base@17.0.7
j  org.eclipse.equinox.launcher.Main.invokeFramework([Ljava/lang/String;[Ljava/net/URL;)V+201
j  org.eclipse.equinox.launcher.Main.basicRun([Ljava/lang/String;)V+159
j  org.eclipse.equinox.launcher.Main.run([Ljava/lang/String;)I+4
j  org.eclipse.equinox.launcher.Main.main([Ljava/lang/String;)V+10
v  ~StubRoutines::call_stub

---------------  P R O C E S S  ---------------

Threads class SMR info:
_java_thread_list=0x0000017e7dd307b0, length=12, elements={
0x0000017e7784b2b0, 0x0000017e7c66f750, 0x0000017e7c672270, 0x0000017e7c699680,
0x0000017e7c69a2f0, 0x0000017e7c69af60, 0x0000017e7c69b910, 0x0000017e7c69d510,
0x0000017e7d811cc0, 0x0000017e7d814980, 0x0000017e77907e10, 0x0000017e7dac8f30
}

Java Threads: ( => current thread )
=>0x0000017e7784b2b0 JavaThread "main" [_thread_in_vm, id=9836, stack(0x0000004e2e100000,0x0000004e2e200000)]
  0x0000017e7c66f750 JavaThread "Reference Handler" daemon [_thread_blocked, id=6812, stack(0x0000004e2e400000,0x0000004e2e500000)]
  0x0000017e7c672270 JavaThread "Finalizer" daemon [_thread_blocked, id=11508, stack(0x0000004e2e500000,0x0000004e2e600000)]
  0x0000017e7c699680 JavaThread "Signal Dispatcher" daemon [_thread_blocked, id=11668, stack(0x0000004e2e600000,0x0000004e2e700000)]
  0x0000017e7c69a2f0 JavaThread "Attach Listener" daemon [_thread_blocked, id=7656, stack(0x0000004e2e700000,0x0000004e2e800000)]
  0x0000017e7c69af60 JavaThread "Service Thread" daemon [_thread_blocked, id=9424, stack(0x0000004e2e800000,0x0000004e2e900000)]
  0x0000017e7c69b910 JavaThread "Monitor Deflation Thread" daemon [_thread_blocked, id=6900, stack(0x0000004e2e900000,0x0000004e2ea00000)]
  0x0000017e7c69d510 JavaThread "C2 CompilerThread0" daemon [_thread_blocked, id=4460, stack(0x0000004e2ea00000,0x0000004e2eb00000)]
  0x0000017e7d811cc0 JavaThread "C1 CompilerThread0" daemon [_thread_blocked, id=8028, stack(0x0000004e2eb00000,0x0000004e2ec00000)]
  0x0000017e7d814980 JavaThread "Sweeper thread" daemon [_thread_blocked, id=5348, stack(0x0000004e2ec00000,0x0000004e2ed00000)]
  0x0000017e77907e10 JavaThread "Common-Cleaner" daemon [_thread_blocked, id=9276, stack(0x0000004e2ed00000,0x0000004e2ee00000)]
  0x0000017e7dac8f30 JavaThread "Notification Thread" daemon [_thread_blocked, id=3148, stack(0x0000004e2ee00000,0x0000004e2ef00000)]

Other Threads:
  0x0000017e7c5a2e20 VMThread "VM Thread" [stack: 0x0000004e2e300000,0x0000004e2e400000] [id=5152] _threads_hazard_ptr=0x0000017e7dd307b0
  0x0000017e7dab17a0 WatcherThread [stack: 0x0000004e2ef00000,0x0000004e2f000000] [id=11828]
  0x0000017e77858f50 GCTaskThread "GC Thread#0" [stack: 0x0000004e2e200000,0x0000004e2e300000] [id=3544]

Threads with active compile tasks:

VM state: synchronizing (normal execution)

VM Mutex/Monitor currently owned by a thread:  ([mutex/lock_event])
[0x0000017e77845eb0] Metaspace_lock - owner thread: 0x0000017e7784b2b0
[0x0000017e778484b0] Threads_lock - owner thread: 0x0000017e7c5a2e20

Heap address: 0x00000000c0000000, size: 1024 MB, Compressed Oops mode: 32-bit

CDS archive(s) not mapped
Compressed class space mapped at: 0x0000000100000000-0x0000000140000000, reserved size: 1073741824
Narrow klass base: 0x0000000000000000, Narrow klass shift: 3, Narrow klass range: 0x140000000

GC Precious Log:
 CPUs: 4 total, 4 available
 Memory: 8097M
 Large Page Support: Disabled
 NUMA Support: Disabled
 Compressed Oops: Enabled (32-bit)
 Alignments: Space 512K, Generation 512K, Heap 2M
 Heap Min Capacity: 100M
 Heap Initial Capacity: 100M
 Heap Max Capacity: 1G
 Pre-touch: Disabled
 Parallel Workers: 4

Heap:
 PSYoungGen      total 29696K, used 24828K [0x00000000eab00000, 0x00000000ecc00000, 0x0000000100000000)
  eden space 25600K, 96% used [0x00000000eab00000,0x00000000ec33f108,0x00000000ec400000)
  from space 4096K, 0% used [0x00000000ec800000,0x00000000ec800000,0x00000000ecc00000)
  to   space 4096K, 0% used [0x00000000ec400000,0x00000000ec400000,0x00000000ec800000)
 ParOldGen       total 68608K, used 0K [0x00000000c0000000, 0x00000000c4300000, 0x00000000eab00000)
  object space 68608K, 0% used [0x00000000c0000000,0x00000000c0000000,0x00000000c4300000)
 Metaspace       used 10888K, committed 11072K, reserved 1114112K
  class space    used 1082K, committed 1216K, reserved 1048576K

Card table byte_map: [0x0000017e77220000,0x0000017e77430000] _byte_map_base: 0x0000017e76c20000

Marking Bits: (ParMarkBitMap*) 0x00007ffd073f52c0
 Begin Bits: [0x0000017e7a4e0000, 0x0000017e7b4e0000)
 End Bits:   [0x0000017e7b4e0000, 0x0000017e7c4e0000)

Polling page: 0x0000017e75860000

Metaspace:

Usage:
  Non-class:      9.58 MB used.
      Class:      1.06 MB used.
       Both:     10.63 MB used.

Virtual space:
  Non-class space:       64.00 MB reserved,       9.62 MB ( 15%) committed,  1 nodes.
      Class space:        1.00 GB reserved,       1.19 MB ( <1%) committed,  1 nodes.
             Both:        1.06 GB reserved,      10.81 MB ( <1%) committed. 

Chunk freelists:
   Non-Class:  6.15 MB
       Class:  14.69 MB
        Both:  20.84 MB

MaxMetaspaceSize: unlimited
CompressedClassSpaceSize: 1.00 GB
Initial GC threshold: 21.00 MB
Current GC threshold: 21.00 MB
CDS: off
MetaspaceReclaimPolicy: balanced
 - commit_granule_bytes: 65536.
 - commit_granule_words: 8192.
 - virtual_space_node_default_size: 8388608.
 - enlarge_chunks_in_place: 1.
 - new_chunks_are_fully_committed: 0.
 - uncommit_free_chunks: 1.
 - use_allocation_guard: 0.
 - handle_deallocations: 1.


Internal statistics:

num_allocs_failed_limit: 0.
num_arena_births: 16.
num_arena_deaths: 0.
num_vsnodes_births: 2.
num_vsnodes_deaths: 0.
num_space_committed: 173.
num_space_uncommitted: 0.
num_chunks_returned_to_freelist: 0.
num_chunks_taken_from_freelist: 89.
num_chunk_merges: 0.
num_chunk_splits: 60.
num_chunks_enlarged: 48.
num_inconsistent_stats: 0.

CodeHeap 'non-profiled nmethods': size=120000Kb used=329Kb max_used=329Kb free=119670Kb
 bounds [0x0000017e07ad0000, 0x0000017e07d40000, 0x0000017e0f000000]
CodeHeap 'profiled nmethods': size=120000Kb used=1597Kb max_used=1597Kb free=118402Kb
 bounds [0x0000017e00000000, 0x0000017e00270000, 0x0000017e07530000]
CodeHeap 'non-nmethods': size=5760Kb used=1139Kb max_used=1158Kb free=4620Kb
 bounds [0x0000017e07530000, 0x0000017e077a0000, 0x0000017e07ad0000]
 total_blobs=1353 nmethods=923 adapters=345
 compilation: enabled
              stopped_count=0, restarted_count=0
 full_count=0

Compilation events (20 events):
Event: 3.128 Thread 0x0000017e7d811cc0  914       3       java.lang.reflect.Constructor::newInstance (34 bytes)
Event: 3.128 Thread 0x0000017e7d811cc0 nmethod 914 0x0000017e00188a10 code [0x0000017e00188bc0, 0x0000017e00188df8]
Event: 3.130 Thread 0x0000017e7d811cc0  916       3       java.lang.PublicMethods$Key::matches (31 bytes)
Event: 3.131 Thread 0x0000017e7d811cc0 nmethod 916 0x0000017e00188f10 code [0x0000017e001890e0, 0x0000017e00189438]
Event: 3.131 Thread 0x0000017e7d811cc0  917       3       java.nio.Buffer::limit (65 bytes)
Event: 3.131 Thread 0x0000017e7d811cc0 nmethod 917 0x0000017e00189610 code [0x0000017e001897c0, 0x0000017e00189a88]
Event: 3.131 Thread 0x0000017e7d811cc0  918       3       sun.reflect.generics.parser.SignatureParser::current (59 bytes)
Event: 3.132 Thread 0x0000017e7d811cc0 nmethod 918 0x0000017e00189b90 code [0x0000017e00189da0, 0x0000017e0018a478]
Event: 3.132 Thread 0x0000017e7d811cc0  919       3       sun.reflect.generics.parser.SignatureParser::advance (53 bytes)
Event: 3.132 Thread 0x0000017e7d811cc0 nmethod 919 0x0000017e0018a710 code [0x0000017e0018a8c0, 0x0000017e0018ab18]
Event: 3.133 Thread 0x0000017e7d811cc0  921       3       jdk.internal.org.objectweb.asm.Type::getArgumentsAndReturnSizes (140 bytes)
Event: 3.136 Thread 0x0000017e7d811cc0 nmethod 921 0x0000017e0018ac10 code [0x0000017e0018b000, 0x0000017e0018ce18]
Event: 3.136 Thread 0x0000017e7d811cc0  922       3       jdk.internal.org.objectweb.asm.Frame::merge (320 bytes)
Event: 3.137 Thread 0x0000017e7d811cc0 nmethod 922 0x0000017e0018d910 code [0x0000017e0018db40, 0x0000017e0018e4c8]
Event: 3.137 Thread 0x0000017e7d811cc0  923       3       jdk.internal.org.objectweb.asm.Frame::push (109 bytes)
Event: 3.137 Thread 0x0000017e7d811cc0 nmethod 923 0x0000017e0018e710 code [0x0000017e0018e8e0, 0x0000017e0018ede8]
Event: 3.137 Thread 0x0000017e7d811cc0  920       3       java.lang.reflect.Modifier::isStatic (13 bytes)
Event: 3.137 Thread 0x0000017e7d811cc0 nmethod 920 0x0000017e0018ef90 code [0x0000017e0018f120, 0x0000017e0018f278]
Event: 3.137 Thread 0x0000017e7d811cc0  924       3       java.lang.Long::<init> (10 bytes)
Event: 3.138 Thread 0x0000017e7d811cc0 nmethod 924 0x0000017e0018f310 code [0x0000017e0018f4c0, 0x0000017e0018f698]

GC Heap History (0 events):
No events

Dll operation events (8 events):
Event: 0.025 Loaded shared library c:\Users\Windows 10 TIMT\.vscode\extensions\redhat.java-1.21.0-win32-x64\jre\17.0.7-win32-x86_64\bin\java.dll
Event: 0.662 Loaded shared library c:\Users\Windows 10 TIMT\.vscode\extensions\redhat.java-1.21.0-win32-x64\jre\17.0.7-win32-x86_64\bin\zip.dll
Event: 0.666 Loaded shared library C:\Users\Windows 10 TIMT\.vscode\extensions\redhat.java-1.21.0-win32-x64\jre\17.0.7-win32-x86_64\bin\instrument.dll
Event: 0.720 Loaded shared library C:\Users\Windows 10 TIMT\.vscode\extensions\redhat.java-1.21.0-win32-x64\jre\17.0.7-win32-x86_64\bin\net.dll
Event: 0.723 Loaded shared library C:\Users\Windows 10 TIMT\.vscode\extensions\redhat.java-1.21.0-win32-x64\jre\17.0.7-win32-x86_64\bin\nio.dll
Event: 0.764 Loaded shared library C:\Users\Windows 10 TIMT\.vscode\extensions\redhat.java-1.21.0-win32-x64\jre\17.0.7-win32-x86_64\bin\zip.dll
Event: 0.794 Loaded shared library C:\Users\Windows 10 TIMT\.vscode\extensions\redhat.java-1.21.0-win32-x64\jre\17.0.7-win32-x86_64\bin\jimage.dll
Event: 1.065 Loaded shared library c:\Users\Windows 10 TIMT\.vscode\extensions\redhat.java-1.21.0-win32-x64\jre\17.0.7-win32-x86_64\bin\verify.dll

Deoptimization events (20 events):
Event: 3.018 Thread 0x0000017e7784b2b0 DEOPT PACKING pc=0x0000017e07af498c sp=0x0000004e2e1fe4d0
Event: 3.018 Thread 0x0000017e7784b2b0 DEOPT UNPACKING pc=0x0000017e075866a3 sp=0x0000004e2e1fe480 mode 2
Event: 3.021 Thread 0x0000017e7784b2b0 Uncommon trap: trap_request=0xffffffde fr.pc=0x0000017e07afe810 relative=0x0000000000000530
Event: 3.021 Thread 0x0000017e7784b2b0 Uncommon trap: reason=class_check action=maybe_recompile pc=0x0000017e07afe810 method=java.util.Collections$UnmodifiableCollection$1.<init>(Ljava/util/Collections$UnmodifiableCollection;)V @ 17 c2
Event: 3.021 Thread 0x0000017e7784b2b0 DEOPT PACKING pc=0x0000017e07afe810 sp=0x0000004e2e1fe440
Event: 3.021 Thread 0x0000017e7784b2b0 DEOPT UNPACKING pc=0x0000017e075866a3 sp=0x0000004e2e1fe388 mode 2
Event: 3.022 Thread 0x0000017e7784b2b0 Uncommon trap: trap_request=0xffffff45 fr.pc=0x0000017e07b163e0 relative=0x0000000000000240
Event: 3.022 Thread 0x0000017e7784b2b0 Uncommon trap: reason=unstable_if action=reinterpret pc=0x0000017e07b163e0 method=java.util.HashMap.hash(Ljava/lang/Object;)I @ 1 c2
Event: 3.022 Thread 0x0000017e7784b2b0 DEOPT PACKING pc=0x0000017e07b163e0 sp=0x0000004e2e1fe3f0
Event: 3.022 Thread 0x0000017e7784b2b0 DEOPT UNPACKING pc=0x0000017e075866a3 sp=0x0000004e2e1fe288 mode 2
Event: 3.022 Thread 0x0000017e7784b2b0 Uncommon trap: trap_request=0xffffff45 fr.pc=0x0000017e07b0bd70 relative=0x00000000000002b0
Event: 3.022 Thread 0x0000017e7784b2b0 Uncommon trap: reason=unstable_if action=reinterpret pc=0x0000017e07b0bd70 method=java.util.HashMap.hash(Ljava/lang/Object;)I @ 1 c2
Event: 3.022 Thread 0x0000017e7784b2b0 DEOPT PACKING pc=0x0000017e07b0bd70 sp=0x0000004e2e1fe480
Event: 3.022 Thread 0x0000017e7784b2b0 DEOPT UNPACKING pc=0x0000017e075866a3 sp=0x0000004e2e1fe398 mode 2
Event: 3.022 Thread 0x0000017e7784b2b0 Uncommon trap: trap_request=0xffffffde fr.pc=0x0000017e07afe810 relative=0x0000000000000530
Event: 3.022 Thread 0x0000017e7784b2b0 Uncommon trap: reason=class_check action=maybe_recompile pc=0x0000017e07afe810 method=java.util.Collections$UnmodifiableCollection$1.<init>(Ljava/util/Collections$UnmodifiableCollection;)V @ 17 c2
Event: 3.022 Thread 0x0000017e7784b2b0 DEOPT PACKING pc=0x0000017e07afe810 sp=0x0000004e2e1fe440
Event: 3.022 Thread 0x0000017e7784b2b0 DEOPT UNPACKING pc=0x0000017e075866a3 sp=0x0000004e2e1fe388 mode 2
Event: 3.098 Thread 0x0000017e7784b2b0 DEOPT PACKING pc=0x0000017e00051322 sp=0x0000004e2e1f9c80
Event: 3.098 Thread 0x0000017e7784b2b0 DEOPT UNPACKING pc=0x0000017e07586e43 sp=0x0000004e2e1f90e0 mode 0

Classes unloaded (0 events):
No events

Classes redefined (0 events):
No events

Internal exceptions (15 events):
Event: 0.583 Thread 0x0000017e7784b2b0 Exception <a 'java/lang/NoSuchMethodError'{0x00000000eacb24e8}: 'void java.lang.invoke.DirectMethodHandle$Holder.invokeStatic(java.lang.Object, java.lang.Object, java.lang.Object)'> (0x00000000eacb24e8) 
thrown [s\src\hotspot\share\interpreter\linkResolver.cpp, line 759]
Event: 1.103 Thread 0x0000017e7784b2b0 Exception <a 'java/lang/reflect/InvocationTargetException'{0x00000000eaf8abd0}> (0x00000000eaf8abd0) 
thrown [s\src\hotspot\share\runtime\reflection.cpp, line 1121]
Event: 2.177 Thread 0x0000017e7784b2b0 Exception <a 'java/lang/ClassNotFoundException'{0x00000000eb7a6cf8}: sun/net/www/protocol/c/Handler> (0x00000000eb7a6cf8) 
thrown [s\src\hotspot\share\classfile\systemDictionary.cpp, line 256]
Event: 2.183 Thread 0x0000017e7784b2b0 Exception <a 'java/io/FileNotFoundException'{0x00000000eb7c1958}> (0x00000000eb7c1958) 
thrown [s\src\hotspot\share\prims\jni.cpp, line 516]
Event: 2.184 Thread 0x0000017e7784b2b0 Exception <a 'java/io/FileNotFoundException'{0x00000000eb7c26d0}> (0x00000000eb7c26d0) 
thrown [s\src\hotspot\share\prims\jni.cpp, line 516]
Event: 2.184 Thread 0x0000017e7784b2b0 Exception <a 'java/io/FileNotFoundException'{0x00000000eb7c3428}> (0x00000000eb7c3428) 
thrown [s\src\hotspot\share\prims\jni.cpp, line 516]
Event: 2.184 Thread 0x0000017e7784b2b0 Exception <a 'java/io/FileNotFoundException'{0x00000000eb7c4160}> (0x00000000eb7c4160) 
thrown [s\src\hotspot\share\prims\jni.cpp, line 516]
Event: 2.191 Thread 0x0000017e7784b2b0 Implicit null exception at 0x0000017e07afff72 to 0x0000017e07b00498
Event: 2.225 Thread 0x0000017e7784b2b0 Exception <a 'java/io/FileNotFoundException'{0x00000000eb7fd040}> (0x00000000eb7fd040) 
thrown [s\src\hotspot\share\prims\jni.cpp, line 516]
Event: 2.930 Thread 0x0000017e7784b2b0 Exception <a 'java/lang/ClassNotFoundException'{0x00000000ebffed08}: sun/net/www/protocol/c/Handler> (0x00000000ebffed08) 
thrown [s\src\hotspot\share\classfile\systemDictionary.cpp, line 256]
Event: 2.931 Thread 0x0000017e7784b2b0 Exception <a 'java/lang/ClassNotFoundException'{0x00000000ec000038}: sun/net/www/protocol/d/Handler> (0x00000000ec000038) 
thrown [s\src\hotspot\share\classfile\systemDictionary.cpp, line 256]
Event: 2.931 Thread 0x0000017e7784b2b0 Exception <a 'java/lang/ClassNotFoundException'{0x00000000ec001168}: sun/net/www/protocol/c/Handler> (0x00000000ec001168) 
thrown [s\src\hotspot\share\classfile\systemDictionary.cpp, line 256]
Event: 2.941 Thread 0x0000017e7784b2b0 Exception <a 'java/io/FileNotFoundException'{0x00000000ec027c00}> (0x00000000ec027c00) 
thrown [s\src\hotspot\share\prims\jni.cpp, line 516]
Event: 3.022 Thread 0x0000017e7784b2b0 Implicit null exception at 0x0000017e07b161ec to 0x0000017e07b163c8
Event: 3.022 Thread 0x0000017e7784b2b0 Implicit null exception at 0x0000017e07b0bb0e to 0x0000017e07b0bd50

VM Operations (10 events):
Event: 0.591 Executing VM operation: HandshakeAllThreads
Event: 0.591 Executing VM operation: HandshakeAllThreads done
Event: 0.906 Executing VM operation: HandshakeAllThreads
Event: 0.906 Executing VM operation: HandshakeAllThreads done
Event: 1.906 Executing VM operation: Cleanup
Event: 1.906 Executing VM operation: Cleanup done
Event: 2.059 Executing VM operation: HandshakeAllThreads
Event: 2.059 Executing VM operation: HandshakeAllThreads done
Event: 2.164 Executing VM operation: HandshakeAllThreads
Event: 2.164 Executing VM operation: HandshakeAllThreads done

Events (20 events):
Event: 3.108 loading class java/util/concurrent/locks/AbstractQueuedSynchronizer$ConditionObject
Event: 3.108 loading class java/util/concurrent/locks/Condition
Event: 3.108 loading class java/util/concurrent/locks/Condition done
Event: 3.108 loading class java/util/concurrent/locks/AbstractQueuedSynchronizer$ConditionObject done
Event: 3.109 loading class java/util/Collections$SingletonMap
Event: 3.109 loading class java/util/Collections$SingletonMap done
Event: 3.112 loading class sun/misc/Unsafe
Event: 3.113 loading class sun/misc/Unsafe done
Event: 3.114 loading class jdk/internal/reflect/UnsafeFieldAccessorFactory
Event: 3.115 loading class jdk/internal/reflect/UnsafeFieldAccessorFactory done
Event: 3.115 loading class jdk/internal/reflect/UnsafeQualifiedStaticObjectFieldAccessorImpl
Event: 3.116 loading class jdk/internal/reflect/UnsafeQualifiedStaticFieldAccessorImpl
Event: 3.116 loading class jdk/internal/reflect/UnsafeQualifiedStaticFieldAccessorImpl done
Event: 3.116 loading class jdk/internal/reflect/UnsafeQualifiedStaticObjectFieldAccessorImpl done
Event: 3.117 loading class java/lang/InstantiationException
Event: 3.117 loading class java/lang/InstantiationException done
Event: 3.130 loading class jdk/internal/vm/annotation/ForceInline
Event: 3.131 loading class jdk/internal/vm/annotation/ForceInline done
Event: 3.137 loading class java/lang/Long$LongCache
Event: 3.137 loading class java/lang/Long$LongCache done


Dynamic libraries:
0x00007ff751550000 - 0x00007ff75155e000 	c:\Users\Windows 10 TIMT\.vscode\extensions\redhat.java-1.21.0-win32-x64\jre\17.0.7-win32-x86_64\bin\java.exe
0x00007ffd58550000 - 0x00007ffd58748000 	C:\WINDOWS\SYSTEM32\ntdll.dll
0x00007ffd575d0000 - 0x00007ffd5768f000 	C:\WINDOWS\System32\KERNEL32.DLL
0x00007ffd55f60000 - 0x00007ffd56256000 	C:\WINDOWS\System32\KERNELBASE.dll
0x00007ffd55e10000 - 0x00007ffd55f10000 	C:\WINDOWS\System32\ucrtbase.dll
0x00007ffd4f410000 - 0x00007ffd4f427000 	c:\Users\Windows 10 TIMT\.vscode\extensions\redhat.java-1.21.0-win32-x64\jre\17.0.7-win32-x86_64\bin\jli.dll
0x00007ffd56ce0000 - 0x00007ffd56e7d000 	C:\WINDOWS\System32\USER32.dll
0x00007ffd55c90000 - 0x00007ffd55cb2000 	C:\WINDOWS\System32\win32u.dll
0x00007ffd57c40000 - 0x00007ffd57c6c000 	C:\WINDOWS\System32\GDI32.dll
0x00007ffd55cf0000 - 0x00007ffd55e05000 	C:\WINDOWS\System32\gdi32full.dll
0x00007ffd562d0000 - 0x00007ffd5636d000 	C:\WINDOWS\System32\msvcp_win.dll
0x00007ffd452f0000 - 0x00007ffd45309000 	c:\Users\Windows 10 TIMT\.vscode\extensions\redhat.java-1.21.0-win32-x64\jre\17.0.7-win32-x86_64\bin\VCRUNTIME140.dll
0x00007ffd49fd0000 - 0x00007ffd4a26a000 	C:\WINDOWS\WinSxS\amd64_microsoft.windows.common-controls_6595b64144ccf1df_6.0.19041.1110_none_60b5254171f9507e\COMCTL32.dll
0x00007ffd573d0000 - 0x00007ffd5746e000 	C:\WINDOWS\System32\msvcrt.dll
0x00007ffd57340000 - 0x00007ffd57370000 	C:\WINDOWS\System32\IMM32.DLL
0x00007ffd443b0000 - 0x00007ffd443bc000 	c:\Users\Windows 10 TIMT\.vscode\extensions\redhat.java-1.21.0-win32-x64\jre\17.0.7-win32-x86_64\bin\vcruntime140_1.dll
0x00007ffd39830000 - 0x00007ffd398c1000 	c:\Users\Windows 10 TIMT\.vscode\extensions\redhat.java-1.21.0-win32-x64\jre\17.0.7-win32-x86_64\bin\msvcp140.dll
0x00007ffd06870000 - 0x00007ffd074b8000 	c:\Users\Windows 10 TIMT\.vscode\extensions\redhat.java-1.21.0-win32-x64\jre\17.0.7-win32-x86_64\bin\server\jvm.dll
0x00007ffd57b20000 - 0x00007ffd57bcf000 	C:\WINDOWS\System32\ADVAPI32.dll
0x00007ffd57470000 - 0x00007ffd5750c000 	C:\WINDOWS\System32\sechost.dll
0x00007ffd567c0000 - 0x00007ffd568e6000 	C:\WINDOWS\System32\RPCRT4.dll
0x00007ffd2bae0000 - 0x00007ffd2bae9000 	C:\WINDOWS\SYSTEM32\WSOCK32.dll
0x00007ffd57bd0000 - 0x00007ffd57c3b000 	C:\WINDOWS\System32\WS2_32.dll
0x00007ffd4b610000 - 0x00007ffd4b637000 	C:\WINDOWS\SYSTEM32\WINMM.dll
0x00007ffd49930000 - 0x00007ffd4993a000 	C:\WINDOWS\SYSTEM32\VERSION.dll
0x00007ffd544d0000 - 0x00007ffd544e2000 	C:\WINDOWS\SYSTEM32\kernel.appcore.dll
0x00007ffd443a0000 - 0x00007ffd443aa000 	c:\Users\Windows 10 TIMT\.vscode\extensions\redhat.java-1.21.0-win32-x64\jre\17.0.7-win32-x86_64\bin\jimage.dll
0x00007ffd45020000 - 0x00007ffd45204000 	C:\WINDOWS\SYSTEM32\DBGHELP.DLL
0x00007ffd44fc0000 - 0x00007ffd44ff4000 	C:\WINDOWS\SYSTEM32\dbgcore.DLL
0x00007ffd56370000 - 0x00007ffd563f2000 	C:\WINDOWS\System32\bcryptPrimitives.dll
0x00007ffd41a90000 - 0x00007ffd41a9e000 	c:\Users\Windows 10 TIMT\.vscode\extensions\redhat.java-1.21.0-win32-x64\jre\17.0.7-win32-x86_64\bin\instrument.dll
0x00007ffd39ce0000 - 0x00007ffd39d05000 	c:\Users\Windows 10 TIMT\.vscode\extensions\redhat.java-1.21.0-win32-x64\jre\17.0.7-win32-x86_64\bin\java.dll
0x00007ffd41820000 - 0x00007ffd41838000 	c:\Users\Windows 10 TIMT\.vscode\extensions\redhat.java-1.21.0-win32-x64\jre\17.0.7-win32-x86_64\bin\zip.dll
0x00007ffd57d00000 - 0x00007ffd58444000 	C:\WINDOWS\System32\SHELL32.dll
0x00007ffd53c00000 - 0x00007ffd54393000 	C:\WINDOWS\SYSTEM32\windows.storage.dll
0x00007ffd56f50000 - 0x00007ffd572a4000 	C:\WINDOWS\System32\combase.dll
0x00007ffd555f0000 - 0x00007ffd5561e000 	C:\WINDOWS\SYSTEM32\Wldp.dll
0x00007ffd57520000 - 0x00007ffd575cd000 	C:\WINDOWS\System32\SHCORE.dll
0x00007ffd568f0000 - 0x00007ffd56945000 	C:\WINDOWS\System32\shlwapi.dll
0x00007ffd55bc0000 - 0x00007ffd55be5000 	C:\WINDOWS\SYSTEM32\profapi.dll
0x00007ffd40cd0000 - 0x00007ffd40ce9000 	C:\Users\Windows 10 TIMT\.vscode\extensions\redhat.java-1.21.0-win32-x64\jre\17.0.7-win32-x86_64\bin\net.dll
0x00007ffd4df80000 - 0x00007ffd4e08a000 	C:\WINDOWS\SYSTEM32\WINHTTP.dll
0x00007ffd553d0000 - 0x00007ffd5543a000 	C:\WINDOWS\system32\mswsock.dll
0x00007ffd3fc80000 - 0x00007ffd3fc95000 	C:\Users\Windows 10 TIMT\.vscode\extensions\redhat.java-1.21.0-win32-x64\jre\17.0.7-win32-x86_64\bin\nio.dll
0x00007ffd41790000 - 0x00007ffd417a0000 	c:\Users\Windows 10 TIMT\.vscode\extensions\redhat.java-1.21.0-win32-x64\jre\17.0.7-win32-x86_64\bin\verify.dll

dbghelp: loaded successfully - version: 4.0.5 - missing functions: none
symbol engine: initialized successfully - sym options: 0x614 - pdb path: .;c:\Users\Windows 10 TIMT\.vscode\extensions\redhat.java-1.21.0-win32-x64\jre\17.0.7-win32-x86_64\bin;C:\WINDOWS\SYSTEM32;C:\WINDOWS\WinSxS\amd64_microsoft.windows.common-controls_6595b64144ccf1df_6.0.19041.1110_none_60b5254171f9507e;c:\Users\Windows 10 TIMT\.vscode\extensions\redhat.java-1.21.0-win32-x64\jre\17.0.7-win32-x86_64\bin\server

VM Arguments:
jvm_args: --add-modules=ALL-SYSTEM --add-opens=java.base/java.util=ALL-UNNAMED --add-opens=java.base/java.lang=ALL-UNNAMED --add-opens=java.base/sun.nio.fs=ALL-UNNAMED -Declipse.application=org.eclipse.jdt.ls.core.id1 -Dosgi.bundles.defaultStartLevel=4 -Declipse.product=org.eclipse.jdt.ls.core.product -Djava.import.generatesMetadataFilesAtProjectRoot=false -Dfile.encoding=utf8 -XX:+UseParallelGC -XX:GCTimeRatio=4 -XX:AdaptiveSizePolicyWeight=90 -Dsun.zip.disableMemoryMapping=true -Xmx1G -Xms100m -Xlog:disable -javaagent:c:\Users\Windows 10 TIMT\.vscode\extensions\redhat.java-1.21.0-win32-x64\lombok\lombok-1.18.28.jar -XX:+HeapDumpOnOutOfMemoryError -XX:HeapDumpPath=c:\Users\Windows 10 TIMT\AppData\Roaming\Code\User\workspaceStorage\92076da0913d8ea7151b77126da4d152\redhat.java -Daether.dependencyCollector.impl=bf 
java_command: c:\Users\Windows 10 TIMT\.vscode\extensions\redhat.java-1.21.0-win32-x64\server\plugins\org.eclipse.equinox.launcher_1.6.500.v20230717-2134.jar -configuration c:\Users\Windows 10 TIMT\AppData\Roaming\Code\User\globalStorage\redhat.java\1.21.0\config_win -data c:\Users\Windows 10 TIMT\AppData\Roaming\Code\User\workspaceStorage\92076da0913d8ea7151b77126da4d152\redhat.java\jdt_ws
java_class_path (initial): c:\Users\Windows 10 TIMT\.vscode\extensions\redhat.java-1.21.0-win32-x64\server\plugins\org.eclipse.equinox.launcher_1.6.500.v20230717-2134.jar
Launcher Type: SUN_STANDARD

[Global flags]
    uintx AdaptiveSizePolicyWeight                 = 90                                        {product} {command line}
     intx CICompilerCount                          = 3                                         {product} {ergonomic}
    uintx GCTimeRatio                              = 4                                         {product} {command line}
     bool HeapDumpOnOutOfMemoryError               = true                                   {manageable} {command line}
    ccstr HeapDumpPath                             = c:\Users\Windows 10 TIMT\AppData\Roaming\Code\User\workspaceStorage\92076da0913d8ea7151b77126da4d152\redhat.java         {manageable} {command line}
   size_t InitialHeapSize                          = 104857600                                 {product} {command line}
   size_t MaxHeapSize                              = 1073741824                                {product} {command line}
   size_t MaxNewSize                               = 357564416                                 {product} {ergonomic}
   size_t MinHeapDeltaBytes                        = 524288                                    {product} {ergonomic}
   size_t MinHeapSize                              = 104857600                                 {product} {command line}
   size_t NewSize                                  = 34603008                                  {product} {ergonomic}
    uintx NonNMethodCodeHeapSize                   = 5832780                                {pd product} {ergonomic}
    uintx NonProfiledCodeHeapSize                  = 122912730                              {pd product} {ergonomic}
   size_t OldSize                                  = 70254592                                  {product} {ergonomic}
    uintx ProfiledCodeHeapSize                     = 122912730                              {pd product} {ergonomic}
    uintx ReservedCodeCacheSize                    = 251658240                              {pd product} {ergonomic}
     bool SegmentedCodeCache                       = true                                      {product} {ergonomic}
   size_t SoftMaxHeapSize                          = 1073741824                             {manageable} {ergonomic}
     bool UseCompressedClassPointers               = true                           {product lp64_product} {ergonomic}
     bool UseCompressedOops                        = true                           {product lp64_product} {ergonomic}
     bool UseLargePagesIndividualAllocation        = false                                  {pd product} {ergonomic}
     bool UseParallelGC                            = true                                      {product} {command line}

Logging:
Log output configuration:
 #0: stdout all=off uptime,level,tags
 #1: stderr all=off uptime,level,tags

Environment Variables:
JAVA_HOME=C:\Program Files\Java\jdk-18.0.2
PATH=C:\Program Files\Common Files\Oracle\Java\javapath;C:\WINDOWS\system32;C:\WINDOWS;C:\WINDOWS\System32\Wbem;C:\WINDOWS\System32\WindowsPowerShell\v1.0\;C:\Program Files\Microsoft SQL Server\110\Tools\Binn\;C:\WINDOWS\System32\OpenSSH\;C:\MinGW\mingw64\bin;C:\Program Files\Azure Data Studio\bin;C:\Program Files\Git\cmd;C:\Program Files (x86)\Microsoft SQL Server\160\DTS\Binn\;C:\Program Files\apache-maven-3.9.1\bin;C:\Program Files\apache-maven-3.9.1;%M2_HOME%\bin;C:\Program Files (x86)\nodejs\;C:\Program Files\Microsoft SQL Server\Client SDK\ODBC\170\Tools\Binn\;C:\Program Files (x86)\Microsoft SQL Server\150\Tools\Binn\;C:\Program Files\Microsoft SQL Server\150\Tools\Binn\;C:\Program Files\Microsoft SQL Server\150\DTS\Binn\;C:\Program Files\Docker\Docker\resources\bin;C:\Users\Windows 10 TIMT\AppData\Local\Microsoft\WindowsApps;C:\Program Files\Azure Data Studio\bin;D:\Microsoft VS Code\bin;C:\Users\Windows 10 TIMT\AppData\Local\Microsoft\WindowsApps\pip3.10.exe;C:\Program Files\Azure Data Studio\bin;C:\Users\Windows 10 TIMT\AppData\Roaming\npm
USERNAME=Windows 10 TIMT
OS=Windows_NT
PROCESSOR_IDENTIFIER=Intel64 Family 6 Model 69 Stepping 1, GenuineIntel
TMP=C:\Users\WINDOW~1\AppData\Local\Temp
TEMP=C:\Users\WINDOW~1\AppData\Local\Temp



---------------  S Y S T E M  ---------------

OS:
 Windows 10 , 64 bit Build 19041 (10.0.19041.3155)
OS uptime: 0 days 1:48 hours
Hyper-V role detected

CPU: total 4 (initial active 4) (2 cores per cpu, 2 threads per core) family 6 model 69 stepping 1 microcode 0x25, cx8, cmov, fxsr, ht, mmx, sse, sse2, sse3, ssse3, sse4.1, sse4.2, popcnt, lzcnt, tsc, tscinvbit, avx, avx2, aes, erms, clmul, bmi1, bmi2, fma, vzeroupper, clflush, hv

Memory: 4k page, system-wide physical 8097M (457M free)
TotalPageFile size 8097M (AvailPageFile size 0M)
current process WorkingSet (physical memory assigned to process): 70M, peak: 70M
current process commit charge ("private bytes"): 186M, peak: 186M

vm_info: OpenJDK 64-Bit Server VM (17.0.7+7) for windows-amd64 JRE (17.0.7+7), built on Apr 18 2023 22:10:42 by "temurin" with MS VC++ 16.7 (VS2019)

END.
